<?xml version="1.0" encoding="UTF-8"?>
<testng-results skipped="1" failed="1" ignored="1" total="6" passed="3">
  <reporter-output>
  </reporter-output>
  <suite name="Default suite" duration-ms="1609" started-at="2019-06-07T06:28:21Z" finished-at="2019-06-07T06:28:22Z">
    <groups>
    </groups>
    <test name="Default test" duration-ms="1609" started-at="2019-06-07T06:28:21Z" finished-at="2019-06-07T06:28:22Z">
      <class name="Tests.BasicExtentReport">
        <test-method status="PASS" signature="startReport(java.lang.String, java.lang.String)[pri:0, instance:Tests.BasicExtentReport@2aa3cd93]" name="startReport" is-config="true" duration-ms="227" started-at="2019-06-07T06:28:21Z" finished-at="2019-06-07T06:28:21Z">
          <params>
            <param index="0">
              <value is-null="true"/>
            </param>
            <param index="1">
              <value is-null="true"/>
            </param>
          </params>
          <reporter-output>
          </reporter-output>
        </test-method> <!-- startReport -->
        <test-method status="PASS" signature="testCase1()[pri:0, instance:Tests.BasicExtentReport@2aa3cd93]" name="testCase1" duration-ms="34" started-at="2019-06-07T06:28:21Z" finished-at="2019-06-07T06:28:21Z">
          <reporter-output>
          </reporter-output>
        </test-method> <!-- testCase1 -->
        <test-method status="PASS" signature="getResult(org.testng.ITestResult)[pri:0, instance:Tests.BasicExtentReport@2aa3cd93]" name="getResult" is-config="true" duration-ms="28" started-at="2019-06-07T06:28:21Z" finished-at="2019-06-07T06:28:21Z">
          <params>
            <param index="0">
              <value>
                <![CDATA[[TestResult name=testCase1 status=SUCCESS method=BasicExtentReport.testCase1()[pri:0, instance:Tests.BasicExtentReport@2aa3cd93] output={null}]]]>
              </value>
            </param>
          </params>
          <reporter-output>
          </reporter-output>
        </test-method> <!-- getResult -->
        <test-method status="PASS" signature="testCase2()[pri:0, instance:Tests.BasicExtentReport@2aa3cd93]" name="testCase2" duration-ms="5" started-at="2019-06-07T06:28:21Z" finished-at="2019-06-07T06:28:21Z">
          <reporter-output>
          </reporter-output>
        </test-method> <!-- testCase2 -->
        <test-method status="PASS" signature="getResult(org.testng.ITestResult)[pri:0, instance:Tests.BasicExtentReport@2aa3cd93]" name="getResult" is-config="true" duration-ms="1" started-at="2019-06-07T06:28:21Z" finished-at="2019-06-07T06:28:21Z">
          <params>
            <param index="0">
              <value>
                <![CDATA[[TestResult name=testCase2 status=SUCCESS method=BasicExtentReport.testCase2()[pri:0, instance:Tests.BasicExtentReport@2aa3cd93] output={null}]]]>
              </value>
            </param>
          </params>
          <reporter-output>
          </reporter-output>
        </test-method> <!-- getResult -->
        <test-method status="PASS" signature="testCase3()[pri:0, instance:Tests.BasicExtentReport@2aa3cd93]" name="testCase3" duration-ms="5" started-at="2019-06-07T06:28:21Z" finished-at="2019-06-07T06:28:21Z">
          <reporter-output>
          </reporter-output>
        </test-method> <!-- testCase3 -->
        <test-method status="PASS" signature="getResult(org.testng.ITestResult)[pri:0, instance:Tests.BasicExtentReport@2aa3cd93]" name="getResult" is-config="true" duration-ms="4" started-at="2019-06-07T06:28:21Z" finished-at="2019-06-07T06:28:21Z">
          <params>
            <param index="0">
              <value>
                <![CDATA[[TestResult name=testCase3 status=SUCCESS method=BasicExtentReport.testCase3()[pri:0, instance:Tests.BasicExtentReport@2aa3cd93] output={null}]]]>
              </value>
            </param>
          </params>
          <reporter-output>
          </reporter-output>
        </test-method> <!-- getResult -->
        <test-method status="FAIL" signature="testCase4()[pri:0, instance:Tests.BasicExtentReport@2aa3cd93]" name="testCase4" duration-ms="7" started-at="2019-06-07T06:28:21Z" finished-at="2019-06-07T06:28:21Z">
          <exception class="java.lang.AssertionError">
            <message>
              <![CDATA[expected [true] but found [false]]]>
            </message>
            <full-stacktrace>
              <![CDATA[java.lang.AssertionError: expected [true] but found [false]
at org.testng.Assert.fail(Assert.java:96)
at org.testng.Assert.failNotEquals(Assert.java:776)
at org.testng.Assert.assertTrue(Assert.java:44)
at org.testng.Assert.assertTrue(Assert.java:54)
at Tests.BasicExtentReport.testCase4(BasicExtentReport.java:76)
at sun.reflect.NativeMethodAccessorImpl.invoke0(Native Method)
at sun.reflect.NativeMethodAccessorImpl.invoke(NativeMethodAccessorImpl.java:62)
at sun.reflect.DelegatingMethodAccessorImpl.invoke(DelegatingMethodAccessorImpl.java:43)
at java.lang.reflect.Method.invoke(Method.java:498)
at org.testng.internal.MethodInvocationHelper.invokeMethod(MethodInvocationHelper.java:124)
at org.testng.internal.Invoker.invokeMethod(Invoker.java:583)
at org.testng.internal.Invoker.invokeTestMethod(Invoker.java:719)
at org.testng.internal.Invoker.invokeTestMethods(Invoker.java:989)
at org.testng.internal.TestMethodWorker.invokeTestMethods(TestMethodWorker.java:125)
at org.testng.internal.TestMethodWorker.run(TestMethodWorker.java:109)
at org.testng.TestRunner.privateRun(TestRunner.java:648)
at org.testng.TestRunner.run(TestRunner.java:505)
at org.testng.SuiteRunner.runTest(SuiteRunner.java:455)
at org.testng.SuiteRunner.runSequentially(SuiteRunner.java:450)
at org.testng.SuiteRunner.privateRun(SuiteRunner.java:415)
at org.testng.SuiteRunner.run(SuiteRunner.java:364)
at org.testng.SuiteRunnerWorker.runSuite(SuiteRunnerWorker.java:52)
at org.testng.SuiteRunnerWorker.run(SuiteRunnerWorker.java:84)
at org.testng.TestNG.runSuitesSequentially(TestNG.java:1208)
at org.testng.TestNG.runSuitesLocally(TestNG.java:1137)
at org.testng.TestNG.runSuites(TestNG.java:1049)
at org.testng.TestNG.run(TestNG.java:1017)
at org.testng.remote.AbstractRemoteTestNG.run(AbstractRemoteTestNG.java:115)
at org.testng.remote.RemoteTestNG.initAndRun(RemoteTestNG.java:251)
at org.testng.remote.RemoteTestNG.main(RemoteTestNG.java:77)
]]>
            </full-stacktrace>
          </exception> <!-- java.lang.AssertionError -->
          <reporter-output>
          </reporter-output>
        </test-method> <!-- testCase4 -->
        <test-method status="PASS" signature="getResult(org.testng.ITestResult)[pri:0, instance:Tests.BasicExtentReport@2aa3cd93]" name="getResult" is-config="true" duration-ms="16" started-at="2019-06-07T06:28:21Z" finished-at="2019-06-07T06:28:21Z">
          <params>
            <param index="0">
              <value>
                <![CDATA[[TestResult name=testCase4 status=FAILURE method=BasicExtentReport.testCase4()[pri:0, instance:Tests.BasicExtentReport@2aa3cd93] output={null}]]]>
              </value>
            </param>
          </params>
          <reporter-output>
          </reporter-output>
        </test-method> <!-- getResult -->
        <test-method status="SKIP" signature="testCase5()[pri:0, instance:Tests.BasicExtentReport@2aa3cd93]" name="testCase5" duration-ms="5" started-at="2019-06-07T06:28:21Z" finished-at="2019-06-07T06:28:21Z">
          <exception class="org.testng.SkipException">
            <message>
              <![CDATA[Skipping this test with exception]]>
            </message>
            <full-stacktrace>
              <![CDATA[org.testng.SkipException: Skipping this test with exception
at Tests.BasicExtentReport.testCase5(BasicExtentReport.java:82)
at sun.reflect.NativeMethodAccessorImpl.invoke0(Native Method)
at sun.reflect.NativeMethodAccessorImpl.invoke(NativeMethodAccessorImpl.java:62)
at sun.reflect.DelegatingMethodAccessorImpl.invoke(DelegatingMethodAccessorImpl.java:43)
at java.lang.reflect.Method.invoke(Method.java:498)
at org.testng.internal.MethodInvocationHelper.invokeMethod(MethodInvocationHelper.java:124)
at org.testng.internal.Invoker.invokeMethod(Invoker.java:583)
at org.testng.internal.Invoker.invokeTestMethod(Invoker.java:719)
at org.testng.internal.Invoker.invokeTestMethods(Invoker.java:989)
at org.testng.internal.TestMethodWorker.invokeTestMethods(TestMethodWorker.java:125)
at org.testng.internal.TestMethodWorker.run(TestMethodWorker.java:109)
at org.testng.TestRunner.privateRun(TestRunner.java:648)
at org.testng.TestRunner.run(TestRunner.java:505)
at org.testng.SuiteRunner.runTest(SuiteRunner.java:455)
at org.testng.SuiteRunner.runSequentially(SuiteRunner.java:450)
at org.testng.SuiteRunner.privateRun(SuiteRunner.java:415)
at org.testng.SuiteRunner.run(SuiteRunner.java:364)
at org.testng.SuiteRunnerWorker.runSuite(SuiteRunnerWorker.java:52)
at org.testng.SuiteRunnerWorker.run(SuiteRunnerWorker.java:84)
at org.testng.TestNG.runSuitesSequentially(TestNG.java:1208)
at org.testng.TestNG.runSuitesLocally(TestNG.java:1137)
at org.testng.TestNG.runSuites(TestNG.java:1049)
at org.testng.TestNG.run(TestNG.java:1017)
at org.testng.remote.AbstractRemoteTestNG.run(AbstractRemoteTestNG.java:115)
at org.testng.remote.RemoteTestNG.initAndRun(RemoteTestNG.java:251)
at org.testng.remote.RemoteTestNG.main(RemoteTestNG.java:77)
]]>
            </full-stacktrace>
          </exception> <!-- org.testng.SkipException -->
          <reporter-output>
          </reporter-output>
        </test-method> <!-- testCase5 -->
        <test-method status="PASS" signature="getResult(org.testng.ITestResult)[pri:0, instance:Tests.BasicExtentReport@2aa3cd93]" name="getResult" is-config="true" duration-ms="16" started-at="2019-06-07T06:28:21Z" finished-at="2019-06-07T06:28:21Z">
          <params>
            <param index="0">
              <value>
                <![CDATA[[TestResult name=testCase5 status=SKIP method=BasicExtentReport.testCase5()[pri:0, instance:Tests.BasicExtentReport@2aa3cd93] output={null}]]]>
              </value>
            </param>
          </params>
          <reporter-output>
          </reporter-output>
        </test-method> <!-- getResult -->
        <test-method status="PASS" signature="tearDown()[pri:0, instance:Tests.BasicExtentReport@2aa3cd93]" name="tearDown" is-config="true" duration-ms="691" started-at="2019-06-07T06:28:21Z" finished-at="2019-06-07T06:28:22Z">
          <reporter-output>
          </reporter-output>
        </test-method> <!-- tearDown -->
      </class> <!-- Tests.BasicExtentReport -->
    </test> <!-- Default test -->
  </suite> <!-- Default suite -->
</testng-results>
