-------------------------------------------------------------------------------
Test set: Test1
-------------------------------------------------------------------------------
Tests run: 1, Failures: 1, Errors: 0, Skipped: 0, Time elapsed: 10.143 sec <<< FAILURE!
verifyHomepageTitle(Test1)  Time elapsed: 0.024 sec  <<< FAILURE!
java.lang.AssertionError: expected [Welcome: Mercury Tours] but found [demo.guru99.com]
	at org.testng.Assert.fail(Assert.java:96)
	at org.testng.Assert.failNotEquals(Assert.java:776)
	at org.testng.Assert.assertEqualsImpl(Assert.java:137)
	at org.testng.Assert.assertEquals(Assert.java:118)
	at org.testng.Assert.assertEquals(Assert.java:453)
	at org.testng.Assert.assertEquals(Assert.java:463)
	at Test1.verifyHomepageTitle(Test1.java:33)

