<?xml version="1.0" encoding="UTF-8"?>
<!-- Generated by org.testng.reporters.JUnitXMLReporter -->
<testsuite ignored="0" hostname="IPCQ11" failures="1" tests="2" name="Test" time="0.417" errors="0" timestamp="2023-07-03T07:36:39 GMT-04:00">
  <testcase classname="SQA.AUTOMATION.ExtentReport" name="demoReportFail" time="0.01">
    <failure type="java.lang.AssertionError" message="expected [true] but found [false]">
      <![CDATA[java.lang.AssertionError: expected [true] but found [false]
at SQA.AUTOMATION.ExtentReport.demoReportFail(ExtentReport.java:39)
at java.base/java.util.ArrayList.forEach(ArrayList.java:1511)
... Removed 32 stack frames]]>
    </failure>
  </testcase> <!-- demoReportFail -->
  <testcase classname="SQA.AUTOMATION.ExtentReport" name="demoReportPass" time="0.001"/>
</testsuite> <!-- Test -->
