<?xml version="1.0" encoding="UTF-8"?>
<!-- Generated by org.testng.reporters.JUnitXMLReporter -->
<testsuite ignored="18" hostname="Hiteshkumar" failures="4" tests="19" name="Test1" time="220.127" errors="0" timestamp="07 Jul 2019 12:51:32 GMT">
  <testcase classname="com.tests.BasicExtentReport" name="TC1" time="0.022"/>
  <testcase classname="com.tests.BasicExtentReport" name="TC2" time="0.006"/>
  <testcase classname="com.tests.BasicExtentReport" name="TC3" time="0.002"/>
  <testcase classname="com.tests.BasicExtentReport" name="TC4" time="2.768">
    <failure type="java.lang.AssertionError" message="expected [true] but found [false]">
      <![CDATA[java.lang.AssertionError: expected [true] but found [false]
at com.tests.BasicExtentReport.TC4(BasicExtentReport.java:77)
... Removed 29 stack frames]]>
    </failure>
  </testcase> <!-- TC4 -->
  <testcase classname="com.tests.BasicExtentReport" name="TC5" time="0.007">
    <skipped/>
  </testcase> <!-- TC5 -->
  <testcase classname="com.tests.DPExcelSFDCLogin" name="SFDCLogincheck" time="21.84"/>
  <testcase classname="com.tests.DPExcelSFDCLogin" name="SFDCLogincheck" time="10.018"/>
  <testcase classname="com.tests.DPExcelSFDCLogin" name="SFDCLogincheck" time="10.132"/>
  <testcase classname="com.tests.DPExcelSFDCLogin" name="SFDCLogincheck" time="11.174"/>
  <testcase classname="com.tests.DPExcelSFDCLogin" name="SFDCLogincheck" time="20.332"/>
  <testcase classname="com.tests.DPExcelSFDCLoginTCName" name="SFDCLogincheck" time="19.05"/>
  <testcase classname="com.tests.DPSFDCLogin" name="SFDCLogincheck" time="22.745"/>
  <testcase classname="com.tests.DPSFDCLogin" name="SFDCLogincheck" time="10.948"/>
  <testcase classname="com.tests.DPSFDCLogin" name="SFDCLogincheck" time="10.749"/>
  <testcase classname="com.tests.ExcelSFDCLogin" name="SFDCLogincheck" time="0.0">
    <failure type="org.testng.TestNGException" message="
Cannot inject @Test annotated Method [SFDCLogincheck] with [class java.lang.String, class java.lang.String].
For more information on native dependency injection please refer to http://testng.org/doc/documentation-main.html#native-dependency-injection">
      <![CDATA[org.testng.TestNGException: 
Cannot inject @Test annotated Method [SFDCLogincheck] with [class java.lang.String, class java.lang.String].
For more information on native dependency injection please refer to http://testng.org/doc/documentation-main.html#native-dependency-injection
... Removed 24 stack frames]]>
    </failure>
  </testcase> <!-- SFDCLogincheck -->
  <testcase classname="com.tests.ScenarioTest1" name="Test1" time="43.999"/>
  <testcase classname="com.tests.ScenarioTest2" name="Test3" time="13.412">
    <failure type="java.lang.AssertionError" message="expected [Google] but found [Google News]">
      <![CDATA[java.lang.AssertionError: expected [Google] but found [Google News]
at com.tests.ScenarioTest2.Test3(ScenarioTest2.java:36)
... Removed 31 stack frames]]>
    </failure>
  </testcase> <!-- Test3 -->
  <testcase classname="com.tests.ScenarioTest3" name="ReadExcelStoreHashMap" time="0.185"/>
  <testcase classname="com.tests.SQLDBTest" name="DbConnectTest" time="1.492">
    <failure type="com.mysql.cj.jdbc.exceptions.CommunicationsException" message="Communications link failure

The last packet sent successfully to the server was 0 milliseconds ago. The driver has not received any packets from the server.">
      <![CDATA[com.mysql.cj.jdbc.exceptions.CommunicationsException: Communications link failure

The last packet sent successfully to the server was 0 milliseconds ago. The driver has not received any packets from the server.
at com.mysql.cj.jdbc.exceptions.SQLError.createCommunicationsException(SQLError.java:174)
at com.mysql.cj.jdbc.exceptions.SQLExceptionsMapping.translateException(SQLExceptionsMapping.java:64)
at com.mysql.cj.jdbc.ConnectionImpl.createNewIO(ConnectionImpl.java:835)
at com.mysql.cj.jdbc.ConnectionImpl.<init>(ConnectionImpl.java:455)
at com.mysql.cj.jdbc.ConnectionImpl.getInstance(ConnectionImpl.java:240)
at com.mysql.cj.jdbc.NonRegisteringDriver.connect(NonRegisteringDriver.java:199)
at java.sql/java.sql.DriverManager.getConnection(DriverManager.java:677)
at java.sql/java.sql.DriverManager.getConnection(DriverManager.java:228)
at com.tests.SQLDBTest.DbConnectTest(SQLDBTest.java:31)
Caused by: com.mysql.cj.exceptions.CJCommunicationsException: Communications link failure

The last packet sent successfully to the server was 0 milliseconds ago. The driver has not received any packets from the server.
at com.mysql.cj.exceptions.ExceptionFactory.createException(ExceptionFactory.java:61)
at com.mysql.cj.exceptions.ExceptionFactory.createException(ExceptionFactory.java:105)
at com.mysql.cj.exceptions.ExceptionFactory.createException(ExceptionFactory.java:151)
at com.mysql.cj.exceptions.ExceptionFactory.createCommunicationsException(ExceptionFactory.java:167)
at com.mysql.cj.protocol.a.NativeSocketConnection.connect(NativeSocketConnection.java:91)
at com.mysql.cj.NativeSession.connect(NativeSession.java:152)
at com.mysql.cj.jdbc.ConnectionImpl.connectOneTryOnly(ConnectionImpl.java:955)
at com.mysql.cj.jdbc.ConnectionImpl.createNewIO(ConnectionImpl.java:825)
... 31 more
Caused by: java.net.ConnectException: Connection refused: connect
at java.base/java.net.PlainSocketImpl.connect0(Native Method)
at java.base/java.net.PlainSocketImpl.socketConnect(PlainSocketImpl.java:101)
at java.base/java.net.AbstractPlainSocketImpl.doConnect(AbstractPlainSocketImpl.java:399)
at java.base/java.net.AbstractPlainSocketImpl.connectToAddress(AbstractPlainSocketImpl.java:242)
at java.base/java.net.AbstractPlainSocketImpl.connect(AbstractPlainSocketImpl.java:224)
at java.base/java.net.SocksSocketImpl.connect(SocksSocketImpl.java:403)
at java.base/java.net.Socket.connect(Socket.java:591)
at com.mysql.cj.protocol.StandardSocketFactory.connect(StandardSocketFactory.java:155)
at com.mysql.cj.protocol.a.NativeSocketConnection.connect(NativeSocketConnection.java:65)
... 34 more
... Removed 30 stack frames]]>
    </failure>
  </testcase> <!-- DbConnectTest -->
  <testcase classname="com.tests.BasicExtentReport" name="TC6" time="0.0">
    <ignored/>
  </testcase> <!-- TC6 -->
  <testcase classname="com.tests.TestBase" name="@AfterTest TeardownTest" time="0.0">
    <ignored/>
  </testcase> <!-- @AfterTest TeardownTest -->
  <testcase classname="com.tests.TestBase" name="@AfterTest TeardownTest" time="0.0">
    <ignored/>
  </testcase> <!-- @AfterTest TeardownTest -->
  <testcase classname="com.tests.TestBase" name="@AfterTest TeardownTest" time="0.0">
    <ignored/>
  </testcase> <!-- @AfterTest TeardownTest -->
  <testcase classname="com.tests.TestBase" name="@AfterTest TeardownTest" time="0.0">
    <ignored/>
  </testcase> <!-- @AfterTest TeardownTest -->
  <testcase classname="com.tests.TestBase" name="@AfterTest TeardownTest" time="0.0">
    <ignored/>
  </testcase> <!-- @AfterTest TeardownTest -->
  <testcase classname="com.tests.TestBase" name="@AfterTest TeardownTest" time="0.0">
    <ignored/>
  </testcase> <!-- @AfterTest TeardownTest -->
  <testcase classname="com.tests.TestBase" name="@AfterTest TeardownTest" time="0.0">
    <ignored/>
  </testcase> <!-- @AfterTest TeardownTest -->
  <testcase classname="com.tests.TestBase" name="@AfterTest TeardownTest" time="0.0">
    <ignored/>
  </testcase> <!-- @AfterTest TeardownTest -->
  <testcase classname="com.tests.ScenarioTest2" name="Test2" time="0.0">
    <ignored/>
  </testcase> <!-- Test2 -->
  <testcase classname="com.tests.TestBase" name="@BeforeTest initialize" time="0.0">
    <ignored/>
  </testcase> <!-- @BeforeTest initialize -->
  <testcase classname="com.tests.TestBase" name="@BeforeTest initialize" time="0.0">
    <ignored/>
  </testcase> <!-- @BeforeTest initialize -->
  <testcase classname="com.tests.TestBase" name="@BeforeTest initialize" time="0.0">
    <ignored/>
  </testcase> <!-- @BeforeTest initialize -->
  <testcase classname="com.tests.TestBase" name="@BeforeTest initialize" time="0.0">
    <ignored/>
  </testcase> <!-- @BeforeTest initialize -->
  <testcase classname="com.tests.TestBase" name="@BeforeTest initialize" time="0.0">
    <ignored/>
  </testcase> <!-- @BeforeTest initialize -->
  <testcase classname="com.tests.TestBase" name="@BeforeTest initialize" time="0.0">
    <ignored/>
  </testcase> <!-- @BeforeTest initialize -->
  <testcase classname="com.tests.TestBase" name="@BeforeTest initialize" time="0.0">
    <ignored/>
  </testcase> <!-- @BeforeTest initialize -->
  <testcase classname="com.tests.TestBase" name="@BeforeTest initialize" time="0.0">
    <ignored/>
  </testcase> <!-- @BeforeTest initialize -->
</testsuite> <!-- Test1 -->
