<html>
<head>
<title>TestNG:  Sample Automation Test</title>
<link href="../testng.css" rel="stylesheet" type="text/css" />
<link href="../my-testng.css" rel="stylesheet" type="text/css" />

<style type="text/css">
.log { display: none;} 
.stack-trace { display: none;} 
</style>
<script type="text/javascript">
<!--
function flip(e) {
  current = e.style.display;
  if (current == 'block') {
    e.style.display = 'none';
    return 0;
  }
  else {
    e.style.display = 'block';
    return 1;
  }
}

function toggleBox(szDivId, elem, msg1, msg2)
{
  var res = -1;  if (document.getElementById) {
    res = flip(document.getElementById(szDivId));
  }
  else if (document.all) {
    // this is the way old msie versions work
    res = flip(document.all[szDivId]);
  }
  if(elem) {
    if(res == 0) elem.innerHTML = msg1; else elem.innerHTML = msg2;
  }

}

function toggleAllBoxes() {
  if (document.getElementsByTagName) {
    d = document.getElementsByTagName('div');
    for (i = 0; i < d.length; i++) {
      if (d[i].className == 'log') {
        flip(d[i]);
      }
    }
  }
}

// -->
</script>

</head>
<body>
<h2 align='center'>Sample Automation Test</h2><table border='1' align="center">
<tr>
<td>Tests passed/Failed/Skipped:</td><td>22/2/0</td>
</tr><tr>
<td>Started on:</td><td>Mon Nov 04 20:18:24 IST 2019</td>
</tr>
<tr><td>Total time:</td><td>263 seconds (263394 ms)</td>
</tr><tr>
<td>Included groups:</td><td></td>
</tr><tr>
<td>Excluded groups:</td><td></td>
</tr>
</table><p/>
<small><i>(Hover the method name to see the test class name)</i></small><p/>
<table width='100%' border='1' class='invocation-failed'>
<tr><td colspan='4' align='center'><b>FAILED TESTS</b></td></tr>
<tr><td><b>Test method</b></td>
<td width="30%"><b>Exception</b></td>
<td width="10%"><b>Time (seconds)</b></td>
<td><b>Instance</b></td>
</tr>
<tr>
<td title='QA.Tests.Test3.GoogleNews_TitleVerify()'><b>GoogleNews_TitleVerify</b><br>Test class: QA.Tests.Test3<br>Test method: Google NEWS Title Verify</td>
<td><div><pre>java.lang.AssertionError: expected [true] but found [false]
	at QA.Tests.Test3.GoogleNews_TitleVerify(Test3.java:84)
... Removed 29 stack frames</pre></div><a href='#' onClick='toggleBox("stack-trace693831648", this, "Click to show all stack frames", "Click to hide stack frames")'>Click to show all stack frames</a>
<div class='stack-trace' id='stack-trace693831648'><pre>java.lang.AssertionError: expected [true] but found [false]
	at org.testng.Assert.fail(Assert.java:93)
	at org.testng.Assert.failNotEquals(Assert.java:512)
	at org.testng.Assert.assertTrue(Assert.java:41)
	at org.testng.Assert.assertTrue(Assert.java:51)
	at QA.Tests.Test3.GoogleNews_TitleVerify(Test3.java:84)
	at sun.reflect.NativeMethodAccessorImpl.invoke0(Native Method)
	at sun.reflect.NativeMethodAccessorImpl.invoke(Unknown Source)
	at sun.reflect.DelegatingMethodAccessorImpl.invoke(Unknown Source)
	at java.lang.reflect.Method.invoke(Unknown Source)
	at org.testng.internal.MethodInvocationHelper.invokeMethod(MethodInvocationHelper.java:108)
	at org.testng.internal.Invoker.invokeMethod(Invoker.java:661)
	at org.testng.internal.Invoker.invokeTestMethod(Invoker.java:869)
	at org.testng.internal.Invoker.invokeTestMethods(Invoker.java:1193)
	at org.testng.internal.TestMethodWorker.invokeTestMethods(TestMethodWorker.java:126)
	at org.testng.internal.TestMethodWorker.run(TestMethodWorker.java:109)
	at org.testng.TestRunner.privateRun(TestRunner.java:744)
	at org.testng.TestRunner.run(TestRunner.java:602)
	at org.testng.SuiteRunner.runTest(SuiteRunner.java:380)
	at org.testng.SuiteRunner.runSequentially(SuiteRunner.java:375)
	at org.testng.SuiteRunner.privateRun(SuiteRunner.java:340)
	at org.testng.SuiteRunner.run(SuiteRunner.java:289)
	at org.testng.SuiteRunnerWorker.runSuite(SuiteRunnerWorker.java:52)
	at org.testng.SuiteRunnerWorker.run(SuiteRunnerWorker.java:86)
	at org.testng.TestNG.runSuitesSequentially(TestNG.java:1301)
	at org.testng.TestNG.runSuitesLocally(TestNG.java:1226)
	at org.testng.TestNG.runSuites(TestNG.java:1144)
	at org.testng.TestNG.run(TestNG.java:1115)
	at org.testng.remote.AbstractRemoteTestNG.run(AbstractRemoteTestNG.java:132)
	at org.testng.remote.RemoteTestNG.initAndRun(RemoteTestNG.java:230)
	at org.testng.remote.RemoteTestNG.main(RemoteTestNG.java:76)
</pre></div></td>
<td>6</td>
<td>QA.Tests.Test3@acdcf71</td></tr>
<tr>
<td title='QA.Tests.Test2.PATINET_DEMO_UPDATE()'><b>PATINET_DEMO_UPDATE</b><br>Test class: QA.Tests.Test2<br>Test method: PATIENT DEMOGRAPHIC UPDATE</td>
<td><div><pre>java.lang.AssertionError: expected [true] but found [false]
	at QA.Tests.Test2.PATINET_DEMO_UPDATE(Test2.java:50)
... Removed 29 stack frames</pre></div><a href='#' onClick='toggleBox("stack-trace76306072", this, "Click to show all stack frames", "Click to hide stack frames")'>Click to show all stack frames</a>
<div class='stack-trace' id='stack-trace76306072'><pre>java.lang.AssertionError: expected [true] but found [false]
	at org.testng.Assert.fail(Assert.java:93)
	at org.testng.Assert.failNotEquals(Assert.java:512)
	at org.testng.Assert.assertTrue(Assert.java:41)
	at org.testng.Assert.assertTrue(Assert.java:51)
	at QA.Tests.Test2.PATINET_DEMO_UPDATE(Test2.java:50)
	at sun.reflect.NativeMethodAccessorImpl.invoke0(Native Method)
	at sun.reflect.NativeMethodAccessorImpl.invoke(Unknown Source)
	at sun.reflect.DelegatingMethodAccessorImpl.invoke(Unknown Source)
	at java.lang.reflect.Method.invoke(Unknown Source)
	at org.testng.internal.MethodInvocationHelper.invokeMethod(MethodInvocationHelper.java:108)
	at org.testng.internal.Invoker.invokeMethod(Invoker.java:661)
	at org.testng.internal.Invoker.invokeTestMethod(Invoker.java:869)
	at org.testng.internal.Invoker.invokeTestMethods(Invoker.java:1193)
	at org.testng.internal.TestMethodWorker.invokeTestMethods(TestMethodWorker.java:126)
	at org.testng.internal.TestMethodWorker.run(TestMethodWorker.java:109)
	at org.testng.TestRunner.privateRun(TestRunner.java:744)
	at org.testng.TestRunner.run(TestRunner.java:602)
	at org.testng.SuiteRunner.runTest(SuiteRunner.java:380)
	at org.testng.SuiteRunner.runSequentially(SuiteRunner.java:375)
	at org.testng.SuiteRunner.privateRun(SuiteRunner.java:340)
	at org.testng.SuiteRunner.run(SuiteRunner.java:289)
	at org.testng.SuiteRunnerWorker.runSuite(SuiteRunnerWorker.java:52)
	at org.testng.SuiteRunnerWorker.run(SuiteRunnerWorker.java:86)
	at org.testng.TestNG.runSuitesSequentially(TestNG.java:1301)
	at org.testng.TestNG.runSuitesLocally(TestNG.java:1226)
	at org.testng.TestNG.runSuites(TestNG.java:1144)
	at org.testng.TestNG.run(TestNG.java:1115)
	at org.testng.remote.AbstractRemoteTestNG.run(AbstractRemoteTestNG.java:132)
	at org.testng.remote.RemoteTestNG.initAndRun(RemoteTestNG.java:230)
	at org.testng.remote.RemoteTestNG.main(RemoteTestNG.java:76)
</pre></div></td>
<td>1</td>
<td>QA.Tests.Test2@6014a9ba</td></tr>
</table><p>
<table width='100%' border='1' class='invocation-passed'>
<tr><td colspan='4' align='center'><b>PASSED TESTS</b></td></tr>
<tr><td><b>Test method</b></td>
<td width="30%"><b>Exception</b></td>
<td width="10%"><b>Time (seconds)</b></td>
<td><b>Instance</b></td>
</tr>
<tr>
<td title='QA.Tests.Test8.AddCustomer()'><b>AddCustomer</b><br>Test class: QA.Tests.Test8<br>Test method: AddCustomer</td>
<td></td>
<td>19</td>
<td>QA.Tests.Test8@28c86134</td></tr>
<tr>
<td title='QA.Tests.Test8.AddCustomer()'><b>AddCustomer</b><br>Test class: QA.Tests.Test8<br>Test method: AddCustomer</td>
<td></td>
<td>16</td>
<td>QA.Tests.Test8@28c86134</td></tr>
<tr>
<td title='QA.Tests.Test9.AddCustomer()'><b>AddCustomer</b><br>Test class: QA.Tests.Test9<br>Test method: AddCustomer</td>
<td></td>
<td>33</td>
<td>QA.Tests.Test9@4492eede</td></tr>
<tr>
<td title='QA.Tests.Test3.CLICK_ON_3rdRESULT()'><b>CLICK_ON_3rdRESULT</b><br>Test class: QA.Tests.Test3<br>Test method: Click on 3rd Result of Search</td>
<td></td>
<td>1</td>
<td>QA.Tests.Test3@acdcf71</td></tr>
<tr>
<td title='QA.Tests.Test1.CLICK_ON_PRODUCT()'><b>CLICK_ON_PRODUCT</b><br>Test class: QA.Tests.Test1<br>Test method: CLICK ON PRODUCT TEST</td>
<td></td>
<td>2</td>
<td>QA.Tests.Test1@1d540566</td></tr>
<tr>
<td title='QA.Tests.Test1.CLICK_ON_WOMAN_TAB()'><b>CLICK_ON_WOMAN_TAB</b><br>Test class: QA.Tests.Test1<br>Test method: CLICK ON WOMAN TAB</td>
<td></td>
<td>3</td>
<td>QA.Tests.Test1@1d540566</td></tr>
<tr>
<td title='QA.Tests.Test1.CLICK_ON_WOMAN_TAB_TOPS()'><b>CLICK_ON_WOMAN_TAB_TOPS</b><br>Test class: QA.Tests.Test1<br>Test method: NAVIGATE TO TOPS</td>
<td></td>
<td>2</td>
<td>QA.Tests.Test1@1d540566</td></tr>
<tr>
<td title='QA.Tests.Test1.CLICK_ON_WOMAN_TSHIRTS()'><b>CLICK_ON_WOMAN_TSHIRTS</b><br>Test class: QA.Tests.Test1<br>Test method: CLICK ON TSHIRTS</td>
<td></td>
<td>1</td>
<td>QA.Tests.Test1@1d540566</td></tr>
<tr>
<td title='QA.Tests.Test1.ENTER_UNAME_PWRD_LOGIN()'><b>ENTER_UNAME_PWRD_LOGIN</b><br>Test class: QA.Tests.Test1<br>Test method: LOGIN</td>
<td></td>
<td>3</td>
<td>QA.Tests.Test1@1d540566</td></tr>
<tr>
<td title='QA.Tests.Test6.FinalProductCheck()'><b>FinalProductCheck</b><br>Test class: QA.Tests.Test6<br>Test method: NavigationToProductATCpage</td>
<td></td>
<td>35</td>
<td>QA.Tests.Test6@f08fdce</td></tr>
<tr>
<td title='QA.Tests.Test7.G99login()'><b>G99login</b><br>Test class: QA.Tests.Test7<br>Test method: G99LoginPage</td>
<td></td>
<td>5</td>
<td>QA.Tests.Test7@6bda1d19</td></tr>
<tr>
<td title='QA.Tests.Test3.NAVIGATE_TO_GOOGLE()'><b>NAVIGATE_TO_GOOGLE</b><br>Test class: QA.Tests.Test3<br>Test method: Google Search</td>
<td></td>
<td>3</td>
<td>QA.Tests.Test3@acdcf71</td></tr>
<tr>
<td title='QA.Tests.Test1.NAVIGATE_TO_URL_CLICK_SIGN()'><b>NAVIGATE_TO_URL_CLICK_SIGN</b><br>Test class: QA.Tests.Test1<br>Test method: Navigate to URL</td>
<td></td>
<td>8</td>
<td>QA.Tests.Test1@1d540566</td></tr>
<tr>
<td title='QA.Tests.Test2.PATINET_DEMO_CREATION()'><b>PATINET_DEMO_CREATION</b><br>Test class: QA.Tests.Test2<br>Test method: PATIENT DEMOGRAPHIC</td>
<td></td>
<td>0</td>
<td>QA.Tests.Test2@6014a9ba</td></tr>
<tr>
<td title='QA.Tests.Test1.PRODUCT_ADD_TO_CART()'><b>PRODUCT_ADD_TO_CART</b><br>Test class: QA.Tests.Test1<br>Test method: ADD TO CART</td>
<td></td>
<td>10</td>
<td>QA.Tests.Test1@1d540566</td></tr>
<tr>
<td title='QA.Tests.Test3.RESULT_TITLE_VERIFY()'><b>RESULT_TITLE_VERIFY</b><br>Test class: QA.Tests.Test3<br>Test method: 3rd RESULT TITLE VERIFY</td>
<td></td>
<td>0</td>
<td>QA.Tests.Test3@acdcf71</td></tr>
<tr>
<td title='QA.Tests.Test4.SFDCLogincheck()'><b>SFDCLogincheck</b><br>Test class: QA.Tests.Test4<br>Test method: SFDC INVALID ID/PASS LOGIN CHECK<br>Parameters: HP_TEST_1, Gtl@123</td>
<td></td>
<td>2</td>
<td>QA.Tests.Test4@77d680e6</td></tr>
<tr>
<td title='QA.Tests.Test4.SFDCLogincheck()'><b>SFDCLogincheck</b><br>Test class: QA.Tests.Test4<br>Test method: SFDC INVALID ID/PASS LOGIN CHECK<br>Parameters: HP_TEST_2, Gtl@123</td>
<td></td>
<td>0</td>
<td>QA.Tests.Test4@77d680e6</td></tr>
<tr>
<td title='QA.Tests.Test4.SFDCLogincheck()'><b>SFDCLogincheck</b><br>Test class: QA.Tests.Test4<br>Test method: SFDC INVALID ID/PASS LOGIN CHECK<br>Parameters: HP_TEST_3, Gtl@123</td>
<td></td>
<td>0</td>
<td>QA.Tests.Test4@77d680e6</td></tr>
<tr>
<td title='QA.Tests.Test4.SFDCLogincheck()'><b>SFDCLogincheck</b><br>Test class: QA.Tests.Test4<br>Test method: SFDC INVALID ID/PASS LOGIN CHECK<br>Parameters: HP_TEST_4, Gtl@123</td>
<td></td>
<td>1</td>
<td>QA.Tests.Test4@77d680e6</td></tr>
<tr>
<td title='QA.Tests.Test4.SFDCLogincheck()'><b>SFDCLogincheck</b><br>Test class: QA.Tests.Test4<br>Test method: SFDC INVALID ID/PASS LOGIN CHECK<br>Parameters: HP_TEST_5, Gtl@123</td>
<td></td>
<td>1</td>
<td>QA.Tests.Test4@77d680e6</td></tr>
<tr>
<td title='QA.Tests.Test5.SFDCLogincheck()'><b>SFDCLogincheck</b><br>Test class: QA.Tests.Test5<br>Test method: SFDC LOGIN CHECK with DP<br>Parameters: HP_TEST_5, Gtl@123</td>
<td></td>
<td>2</td>
<td>QA.Tests.Test5@4a14c44f</td></tr>
</table><p>
</body>
</html>