<?xml version="1.0" encoding="UTF-8"?>
<!-- Generated by org.testng.reporters.JUnitXMLReporter -->
<testsuite hostname="ipcq16" ignored="6" name="Sample Automation Test" tests="18" failures="2" timestamp="25 Jul 2019 12:13:53 GMT" time="74.502" errors="0">
  <testcase name="NAVIGATE_TO_URL_CLICK_SIGN" time="8.946" classname="QA.Tests.Test1"/>
  <testcase name="ENTER_UNAME_PWRD_LOGIN" time="2.19" classname="QA.Tests.Test1"/>
  <testcase name="CLICK_ON_WOMAN_TAB" time="2.858" classname="QA.Tests.Test1"/>
  <testcase name="CLICK_ON_WOMAN_TAB_TOPS" time="1.717" classname="QA.Tests.Test1"/>
  <testcase name="CLICK_ON_WOMAN_TSHIRTS" time="1.894" classname="QA.Tests.Test1"/>
  <testcase name="CLICK_ON_PRODUCT" time="2.703" classname="QA.Tests.Test1"/>
  <testcase name="PRODUCT_ADD_TO_CART" time="10.362" classname="QA.Tests.Test1"/>
  <testcase name="PATINET_DEMO_CREATION" time="0.006" classname="QA.Tests.Test2"/>
  <testcase name="PATINET_DEMO_UPDATE" time="1.264" classname="QA.Tests.Test2">
    <failure type="java.lang.AssertionError" message="expected [true] but found [false]">
      <![CDATA[java.lang.AssertionError: expected [true] but found [false]
at QA.Tests.Test2.PATINET_DEMO_UPDATE(Test2.java:42)
... Removed 29 stack frames]]>
    </failure>
  </testcase> <!-- PATINET_DEMO_UPDATE -->
  <testcase name="NAVIGATE_TO_GOOGLE" time="2.619" classname="QA.Tests.Test3"/>
  <testcase name="CLICK_ON_3rdRESULT" time="1.65" classname="QA.Tests.Test3"/>
  <testcase name="RESULT_TITLE_VERIFY" time="0.029" classname="QA.Tests.Test3"/>
  <testcase name="GoogleNews_TitleVerify" time="5.624" classname="QA.Tests.Test3">
    <failure type="java.lang.AssertionError" message="expected [true] but found [false]">
      <![CDATA[java.lang.AssertionError: expected [true] but found [false]
at QA.Tests.Test3.GoogleNews_TitleVerify(Test3.java:76)
... Removed 29 stack frames]]>
    </failure>
  </testcase> <!-- GoogleNews_TitleVerify -->
  <testcase name="SFDCLogincheck" time="7.188" classname="QA.Tests.Test4"/>
  <testcase name="SFDCLogincheck" time="1.89" classname="QA.Tests.Test4"/>
  <testcase name="SFDCLogincheck" time="3.158" classname="QA.Tests.Test4"/>
  <testcase name="SFDCLogincheck" time="3.697" classname="QA.Tests.Test4"/>
  <testcase name="SFDCLogincheck" time="5.424" classname="QA.Tests.Test4"/>
  <testcase name="@AfterTest TeardownTest" time="0.0" classname="QA.Tests.TestBase">
    <ignored/>
  </testcase> <!-- @AfterTest TeardownTest -->
  <testcase name="@AfterTest TeardownTest" time="0.0" classname="QA.Tests.TestBase">
    <ignored/>
  </testcase> <!-- @AfterTest TeardownTest -->
  <testcase name="@AfterTest TeardownTest" time="0.0" classname="QA.Tests.TestBase">
    <ignored/>
  </testcase> <!-- @AfterTest TeardownTest -->
  <testcase name="@BeforeTest initialize" time="0.0" classname="QA.Tests.TestBase">
    <ignored/>
  </testcase> <!-- @BeforeTest initialize -->
  <testcase name="@BeforeTest initialize" time="0.0" classname="QA.Tests.TestBase">
    <ignored/>
  </testcase> <!-- @BeforeTest initialize -->
  <testcase name="@BeforeTest initialize" time="0.0" classname="QA.Tests.TestBase">
    <ignored/>
  </testcase> <!-- @BeforeTest initialize -->
</testsuite> <!-- Sample Automation Test -->
