{"name":"verifying login page title test","status":"broken","statusDetails":{"known":false,"muted":false,"flaky":false,"message":"Expected condition failed: waiting for title to contain \"HubSpot Login123\". Current title: \"HubSpot Login\" (tried for 20 second(s) with 500 milliseconds interval)\nBuild info: version: '3.14.0', revision: 'aacccce0', time: '2018-08-02T20:19:58.91Z'\nSystem info: host: 'HITESHKUMAR', ip: '192.168.43.220', os.name: 'Windows 7', os.arch: 'amd64', os.version: '6.1', java.version: '12.0.1'\nDriver info: org.openqa.selenium.chrome.ChromeDriver\nCapabilities {acceptInsecureCerts: false, browserName: chrome, browserVersion: 75.0.3770.142, chrome: {chromedriverVersion: 75.0.3770.90 (a6dcaf7e3ec6f..., userDataDir: C:\\Users\\HITESH~1\\AppData\\L...}, goog:chromeOptions: {debuggerAddress: localhost:50937}, javascriptEnabled: true, networkConnectionEnabled: false, pageLoadStrategy: normal, platform: XP, platformName: XP, proxy: Proxy(), setWindowRect: true, strictFileInteractability: false, timeouts: {implicit: 0, pageLoad: 300000, script: 30000}, unhandledPromptBehavior: dismiss and notify}\nSession ID: fb58badef81fd7cd8c8179c38bde6e95","trace":"org.openqa.selenium.TimeoutException: Expected condition failed: waiting for title to contain \"HubSpot Login123\". Current title: \"HubSpot Login\" (tried for 20 second(s) with 500 milliseconds interval)\nBuild info: version: '3.14.0', revision: 'aacccce0', time: '2018-08-02T20:19:58.91Z'\nSystem info: host: 'HITESHKUMAR', ip: '192.168.43.220', os.name: 'Windows 7', os.arch: 'amd64', os.version: '6.1', java.version: '12.0.1'\nDriver info: org.openqa.selenium.chrome.ChromeDriver\nCapabilities {acceptInsecureCerts: false, browserName: chrome, browserVersion: 75.0.3770.142, chrome: {chromedriverVersion: 75.0.3770.90 (a6dcaf7e3ec6f..., userDataDir: C:\\Users\\HITESH~1\\AppData\\L...}, goog:chromeOptions: {debuggerAddress: localhost:50937}, javascriptEnabled: true, networkConnectionEnabled: false, pageLoadStrategy: normal, platform: XP, platformName: XP, proxy: Proxy(), setWindowRect: true, strictFileInteractability: false, timeouts: {implicit: 0, pageLoad: 300000, script: 30000}, unhandledPromptBehavior: dismiss and notify}\nSession ID: fb58badef81fd7cd8c8179c38bde6e95\r\n\tat org.openqa.selenium.support.ui.WebDriverWait.timeoutException(WebDriverWait.java:113)\r\n\tat org.openqa.selenium.support.ui.FluentWait.until(FluentWait.java:283)\r\n\tat com.qa.hubspot.pages.LoginPage.getLoginPageTitle(LoginPage.java:41)\r\n\tat com.qa.hubspot.tests.LoginTest.verifyLoginPageTitleTest(LoginTest.java:58)\r\n\tat java.base/jdk.internal.reflect.NativeMethodAccessorImpl.invoke0(Native Method)\r\n\tat java.base/jdk.internal.reflect.NativeMethodAccessorImpl.invoke(NativeMethodAccessorImpl.java:62)\r\n\tat java.base/jdk.internal.reflect.DelegatingMethodAccessorImpl.invoke(DelegatingMethodAccessorImpl.java:43)\r\n\tat java.base/java.lang.reflect.Method.invoke(Method.java:567)\r\n\tat org.testng.internal.MethodInvocationHelper.invokeMethod(MethodInvocationHelper.java:124)\r\n\tat org.testng.internal.Invoker.invokeMethod(Invoker.java:583)\r\n\tat org.testng.internal.Invoker.invokeTestMethod(Invoker.java:719)\r\n\tat org.testng.internal.Invoker.invokeTestMethods(Invoker.java:989)\r\n\tat org.testng.internal.TestMethodWorker.invokeTestMethods(TestMethodWorker.java:125)\r\n\tat org.testng.internal.TestMethodWorker.run(TestMethodWorker.java:109)\r\n\tat java.base/java.util.concurrent.ThreadPoolExecutor.runWorker(ThreadPoolExecutor.java:1128)\r\n\tat java.base/java.util.concurrent.ThreadPoolExecutor$Worker.run(ThreadPoolExecutor.java:628)\r\n\tat java.base/java.lang.Thread.run(Thread.java:835)\r\n"},"stage":"finished","description":"Test Case Description: Verify login page title test on Login Page","steps":[{"name":"getting login page title step....","status":"broken","statusDetails":{"known":false,"muted":false,"flaky":false,"message":"Expected condition failed: waiting for title to contain \"HubSpot Login123\". Current title: \"HubSpot Login\" (tried for 20 second(s) with 500 milliseconds interval)\nBuild info: version: '3.14.0', revision: 'aacccce0', time: '2018-08-02T20:19:58.91Z'\nSystem info: host: 'HITESHKUMAR', ip: '192.168.43.220', os.name: 'Windows 7', os.arch: 'amd64', os.version: '6.1', java.version: '12.0.1'\nDriver info: org.openqa.selenium.chrome.ChromeDriver\nCapabilities {acceptInsecureCerts: false, browserName: chrome, browserVersion: 75.0.3770.142, chrome: {chromedriverVersion: 75.0.3770.90 (a6dcaf7e3ec6f..., userDataDir: C:\\Users\\HITESH~1\\AppData\\L...}, goog:chromeOptions: {debuggerAddress: localhost:50937}, javascriptEnabled: true, networkConnectionEnabled: false, pageLoadStrategy: normal, platform: XP, platformName: XP, proxy: Proxy(), setWindowRect: true, strictFileInteractability: false, timeouts: {implicit: 0, pageLoad: 300000, script: 30000}, unhandledPromptBehavior: dismiss and notify}\nSession ID: fb58badef81fd7cd8c8179c38bde6e95","trace":"org.openqa.selenium.TimeoutException: Expected condition failed: waiting for title to contain \"HubSpot Login123\". Current title: \"HubSpot Login\" (tried for 20 second(s) with 500 milliseconds interval)\nBuild info: version: '3.14.0', revision: 'aacccce0', time: '2018-08-02T20:19:58.91Z'\nSystem info: host: 'HITESHKUMAR', ip: '192.168.43.220', os.name: 'Windows 7', os.arch: 'amd64', os.version: '6.1', java.version: '12.0.1'\nDriver info: org.openqa.selenium.chrome.ChromeDriver\nCapabilities {acceptInsecureCerts: false, browserName: chrome, browserVersion: 75.0.3770.142, chrome: {chromedriverVersion: 75.0.3770.90 (a6dcaf7e3ec6f..., userDataDir: C:\\Users\\HITESH~1\\AppData\\L...}, goog:chromeOptions: {debuggerAddress: localhost:50937}, javascriptEnabled: true, networkConnectionEnabled: false, pageLoadStrategy: normal, platform: XP, platformName: XP, proxy: Proxy(), setWindowRect: true, strictFileInteractability: false, timeouts: {implicit: 0, pageLoad: 300000, script: 30000}, unhandledPromptBehavior: dismiss and notify}\nSession ID: fb58badef81fd7cd8c8179c38bde6e95\r\n\tat org.openqa.selenium.support.ui.WebDriverWait.timeoutException(WebDriverWait.java:113)\r\n\tat org.openqa.selenium.support.ui.FluentWait.until(FluentWait.java:283)\r\n\tat com.qa.hubspot.pages.LoginPage.getLoginPageTitle(LoginPage.java:41)\r\n\tat com.qa.hubspot.tests.LoginTest.verifyLoginPageTitleTest(LoginTest.java:58)\r\n\tat java.base/jdk.internal.reflect.NativeMethodAccessorImpl.invoke0(Native Method)\r\n\tat java.base/jdk.internal.reflect.NativeMethodAccessorImpl.invoke(NativeMethodAccessorImpl.java:62)\r\n\tat java.base/jdk.internal.reflect.DelegatingMethodAccessorImpl.invoke(DelegatingMethodAccessorImpl.java:43)\r\n\tat java.base/java.lang.reflect.Method.invoke(Method.java:567)\r\n\tat org.testng.internal.MethodInvocationHelper.invokeMethod(MethodInvocationHelper.java:124)\r\n\tat org.testng.internal.Invoker.invokeMethod(Invoker.java:583)\r\n\tat org.testng.internal.Invoker.invokeTestMethod(Invoker.java:719)\r\n\tat org.testng.internal.Invoker.invokeTestMethods(Invoker.java:989)\r\n\tat org.testng.internal.TestMethodWorker.invokeTestMethods(TestMethodWorker.java:125)\r\n\tat org.testng.internal.TestMethodWorker.run(TestMethodWorker.java:109)\r\n\tat java.base/java.util.concurrent.ThreadPoolExecutor.runWorker(ThreadPoolExecutor.java:1128)\r\n\tat java.base/java.util.concurrent.ThreadPoolExecutor$Worker.run(ThreadPoolExecutor.java:628)\r\n\tat java.base/java.lang.Thread.run(Thread.java:835)\r\n"},"stage":"finished","steps":[],"attachments":[],"parameters":[],"start":1563709898178,"stop":1563709919233}],"attachments":[{"name":"Page screenshot","source":"e3a065e8-4773-42ab-a2fb-9b9fec144757-attachment","type":"image/png"},{"name":"verifyLoginPageTitleTest failed and screenshot taken!","source":"d6acf6ff-6596-4d3b-822f-a44d6f525028-attachment","type":"text/plain"}],"parameters":[],"start":1563709896986,"stop":1563709920678,"uuid":"f1417e1a-fecd-4cae-b06b-fbdbc4bd8669","historyId":"5e49d1abb6e6f57360c35d209a46469d","fullName":"com.qa.hubspot.tests.LoginTest.verifyLoginPageTitleTest","labels":[{"name":"package","value":"com.qa.hubspot.tests.LoginTest"},{"name":"testClass","value":"com.qa.hubspot.tests.LoginTest"},{"name":"testMethod","value":"verifyLoginPageTitleTest"},{"name":"parentSuite","value":"Hub Spot App Regression Test"},{"name":"suite","value":"hub spot regression Test"},{"name":"subSuite","value":"com.qa.hubspot.tests.LoginTest"},{"name":"host","value":"Hiteshkumar"},{"name":"thread","value":"1612@Hiteshkumar.TestNG-test=hub spot regression Test-1(14)"},{"name":"framework","value":"testng"},{"name":"language","value":"java"},{"name":"story","value":"Story Name: To check login page title"},{"name":"severity","value":"normal"}],"links":[]}