<?xml version="1.0" encoding="UTF-8"?>
<!-- Generated by org.testng.reporters.JUnitXMLReporter -->
<testsuite hostname="IPCQ16" ignored="0" name="Default test" tests="7" failures="0" timestamp="09 Oct 2019 13:18:42 GMT" time="5.558" errors="0">
  <testcase name="@BeforeClass BeforeclassTest1" time="4.98" classname="QA.Tests.Test1">
    <failure type="org.openqa.selenium.SessionNotCreatedException" message="session not created: This version of ChromeDriver only supports Chrome version 75
Build info: version: &amp;apos;3.141.59&amp;apos;, revision: &amp;apos;e82be7d358&amp;apos;, time: &amp;apos;2018-11-14T08:17:03&amp;apos;
System info: host: &amp;apos;IPCQ16&amp;apos;, ip: &amp;apos;10.0.30.46&amp;apos;, os.name: &amp;apos;Windows 10&amp;apos;, os.arch: &amp;apos;amd64&amp;apos;, os.version: &amp;apos;10.0&amp;apos;, java.version: &amp;apos;1.8.0_221&amp;apos;
Driver info: driver.version: ChromeDriver
remote stacktrace: Backtrace:
	Ordinal0 [0x00C11B23+1448739]
	Ordinal0 [0x00B95A11+940561]
	Ordinal0 [0x00B22293+467603]
	Ordinal0 [0x00ABF27E+62078]
	Ordinal0 [0x00ABBBBD+48061]
	Ordinal0 [0x00AD8D19+167193]
	Ordinal0 [0x00AD88ED+166125]
	Ordinal0 [0x00AD6FFB+159739]
	Ordinal0 [0x00AC09F6+68086]
	Ordinal0 [0x00AC1990+72080]
	Ordinal0 [0x00AC1929+71977]
	GetHandleVerifier [0x00D52E4C+1172140]
	GetHandleVerifier [0x00CAFE35+504469]
	GetHandleVerifier [0x00CAFBD0+503856]
	Ordinal0 [0x00C1C9A8+1493416]
	GetHandleVerifier [0x00CB060A+506474]
	Ordinal0 [0x00BA7136+1012022]
	Ordinal0 [0x00BA6FAF+1011631]
	Ordinal0 [0x00BB133B+1053499]
	Ordinal0 [0x00BB14A3+1053859]
	Ordinal0 [0x00BB04D5+1049813]
	BaseThreadInitThunk [0x75CA0419+25]
	RtlGetAppContainerNamedObjectPath [0x7708662D+237]
	RtlGetAppContainerNamedObjectPath [0x770865FD+189]
">
      <![CDATA[org.openqa.selenium.SessionNotCreatedException: session not created: This version of ChromeDriver only supports Chrome version 75
Build info: version: '3.141.59', revision: 'e82be7d358', time: '2018-11-14T08:17:03'
System info: host: 'IPCQ16', ip: '10.0.30.46', os.name: 'Windows 10', os.arch: 'amd64', os.version: '10.0', java.version: '1.8.0_221'
Driver info: driver.version: ChromeDriver
remote stacktrace: Backtrace:
	Ordinal0 [0x00C11B23+1448739]
	Ordinal0 [0x00B95A11+940561]
	Ordinal0 [0x00B22293+467603]
	Ordinal0 [0x00ABF27E+62078]
	Ordinal0 [0x00ABBBBD+48061]
	Ordinal0 [0x00AD8D19+167193]
	Ordinal0 [0x00AD88ED+166125]
	Ordinal0 [0x00AD6FFB+159739]
	Ordinal0 [0x00AC09F6+68086]
	Ordinal0 [0x00AC1990+72080]
	Ordinal0 [0x00AC1929+71977]
	GetHandleVerifier [0x00D52E4C+1172140]
	GetHandleVerifier [0x00CAFE35+504469]
	GetHandleVerifier [0x00CAFBD0+503856]
	Ordinal0 [0x00C1C9A8+1493416]
	GetHandleVerifier [0x00CB060A+506474]
	Ordinal0 [0x00BA7136+1012022]
	Ordinal0 [0x00BA6FAF+1011631]
	Ordinal0 [0x00BB133B+1053499]
	Ordinal0 [0x00BB14A3+1053859]
	Ordinal0 [0x00BB04D5+1049813]
	BaseThreadInitThunk [0x75CA0419+25]
	RtlGetAppContainerNamedObjectPath [0x7708662D+237]
	RtlGetAppContainerNamedObjectPath [0x770865FD+189]

	at sun.reflect.NativeConstructorAccessorImpl.newInstance0(Native Method)
	at sun.reflect.NativeConstructorAccessorImpl.newInstance(Unknown Source)
	at sun.reflect.DelegatingConstructorAccessorImpl.newInstance(Unknown Source)
	at java.lang.reflect.Constructor.newInstance(Unknown Source)
	at org.openqa.selenium.remote.W3CHandshakeResponse.lambda$errorHandler$0(W3CHandshakeResponse.java:62)
	at org.openqa.selenium.remote.HandshakeResponse.lambda$getResponseFunction$0(HandshakeResponse.java:30)
	at org.openqa.selenium.remote.ProtocolHandshake.lambda$createSession$0(ProtocolHandshake.java:126)
	at java.util.stream.ReferencePipeline$3$1.accept(Unknown Source)
	at java.util.Spliterators$ArraySpliterator.tryAdvance(Unknown Source)
	at java.util.stream.ReferencePipeline.forEachWithCancel(Unknown Source)
	at java.util.stream.AbstractPipeline.copyIntoWithCancel(Unknown Source)
	at java.util.stream.AbstractPipeline.copyInto(Unknown Source)
	at java.util.stream.AbstractPipeline.wrapAndCopyInto(Unknown Source)
	at java.util.stream.FindOps$FindOp.evaluateSequential(Unknown Source)
	at java.util.stream.AbstractPipeline.evaluate(Unknown Source)
	at java.util.stream.ReferencePipeline.findFirst(Unknown Source)
	at org.openqa.selenium.remote.ProtocolHandshake.createSession(ProtocolHandshake.java:128)
	at org.openqa.selenium.remote.ProtocolHandshake.createSession(ProtocolHandshake.java:74)
	at org.openqa.selenium.remote.HttpCommandExecutor.execute(HttpCommandExecutor.java:136)
	at org.openqa.selenium.remote.service.DriverCommandExecutor.execute(DriverCommandExecutor.java:83)
	at org.openqa.selenium.remote.RemoteWebDriver.execute(RemoteWebDriver.java:552)
	at org.openqa.selenium.remote.RemoteWebDriver.startSession(RemoteWebDriver.java:213)
	at org.openqa.selenium.remote.RemoteWebDriver.<init>(RemoteWebDriver.java:131)
	at org.openqa.selenium.chrome.ChromeDriver.<init>(ChromeDriver.java:181)
	at org.openqa.selenium.chrome.ChromeDriver.<init>(ChromeDriver.java:168)
	at org.openqa.selenium.chrome.ChromeDriver.<init>(ChromeDriver.java:123)
	at QA.Tests.TestBase.Chromeinitialize(TestBase.java:101)
	at QA.Tests.Test1.BeforeclassTest1(Test1.java:33)
	at sun.reflect.NativeMethodAccessorImpl.invoke0(Native Method)
	at sun.reflect.NativeMethodAccessorImpl.invoke(Unknown Source)
	at sun.reflect.DelegatingMethodAccessorImpl.invoke(Unknown Source)
	at java.lang.reflect.Method.invoke(Unknown Source)
	at org.testng.internal.MethodInvocationHelper.invokeMethod(MethodInvocationHelper.java:108)
	at org.testng.internal.Invoker.invokeConfigurationMethod(Invoker.java:523)
	at org.testng.internal.Invoker.invokeConfigurations(Invoker.java:224)
	at org.testng.internal.Invoker.invokeConfigurations(Invoker.java:146)
	at org.testng.internal.TestMethodWorker.invokeBeforeClassMethods(TestMethodWorker.java:166)
	at org.testng.internal.TestMethodWorker.run(TestMethodWorker.java:105)
	at org.testng.TestRunner.privateRun(TestRunner.java:744)
	at org.testng.TestRunner.run(TestRunner.java:602)
	at org.testng.SuiteRunner.runTest(SuiteRunner.java:380)
	at org.testng.SuiteRunner.runSequentially(SuiteRunner.java:375)
	at org.testng.SuiteRunner.privateRun(SuiteRunner.java:340)
	at org.testng.SuiteRunner.run(SuiteRunner.java:289)
	at org.testng.SuiteRunnerWorker.runSuite(SuiteRunnerWorker.java:52)
	at org.testng.SuiteRunnerWorker.run(SuiteRunnerWorker.java:86)
	at org.testng.TestNG.runSuitesSequentially(TestNG.java:1301)
	at org.testng.TestNG.runSuitesLocally(TestNG.java:1226)
	at org.testng.TestNG.runSuites(TestNG.java:1144)
	at org.testng.TestNG.run(TestNG.java:1115)
	at org.testng.remote.AbstractRemoteTestNG.run(AbstractRemoteTestNG.java:132)
	at org.testng.remote.RemoteTestNG.initAndRun(RemoteTestNG.java:230)
	at org.testng.remote.RemoteTestNG.main(RemoteTestNG.java:76)
]]>
    </failure>
  </testcase> <!-- @BeforeClass BeforeclassTest1 -->
  <testcase name="@AfterClass afterclassTest1" time="0.0" classname="QA.Tests.Test1">
    <skipped/>
  </testcase> <!-- @AfterClass afterclassTest1 -->
  <testcase name="@AfterTest TeardownTest" time="0.0" classname="QA.Tests.TestBase">
    <skipped/>
  </testcase> <!-- @AfterTest TeardownTest -->
  <testcase name="NAVIGATE_TO_URL_CLICK_SIGN" time="0.0" classname="QA.Tests.Test1">
    <skipped/>
  </testcase> <!-- NAVIGATE_TO_URL_CLICK_SIGN -->
  <testcase name="ENTER_UNAME_PWRD_LOGIN" time="0.0" classname="QA.Tests.Test1">
    <skipped/>
  </testcase> <!-- ENTER_UNAME_PWRD_LOGIN -->
  <testcase name="CLICK_ON_WOMAN_TAB" time="0.0" classname="QA.Tests.Test1">
    <skipped/>
  </testcase> <!-- CLICK_ON_WOMAN_TAB -->
  <testcase name="CLICK_ON_WOMAN_TAB_TOPS" time="0.0" classname="QA.Tests.Test1">
    <skipped/>
  </testcase> <!-- CLICK_ON_WOMAN_TAB_TOPS -->
  <testcase name="CLICK_ON_WOMAN_TSHIRTS" time="0.0" classname="QA.Tests.Test1">
    <skipped/>
  </testcase> <!-- CLICK_ON_WOMAN_TSHIRTS -->
  <testcase name="CLICK_ON_PRODUCT" time="0.0" classname="QA.Tests.Test1">
    <skipped/>
  </testcase> <!-- CLICK_ON_PRODUCT -->
  <testcase name="PRODUCT_ADD_TO_CART" time="0.0" classname="QA.Tests.Test1">
    <skipped/>
  </testcase> <!-- PRODUCT_ADD_TO_CART -->
</testsuite> <!-- Default test -->
