<html>
<head>
<title>TestNG:  Sample Automation Test</title>
<link href="../testng.css" rel="stylesheet" type="text/css" />
<link href="../my-testng.css" rel="stylesheet" type="text/css" />

<style type="text/css">
.log { display: none;} 
.stack-trace { display: none;} 
</style>
<script type="text/javascript">
<!--
function flip(e) {
  current = e.style.display;
  if (current == 'block') {
    e.style.display = 'none';
    return 0;
  }
  else {
    e.style.display = 'block';
    return 1;
  }
}

function toggleBox(szDivId, elem, msg1, msg2)
{
  var res = -1;  if (document.getElementById) {
    res = flip(document.getElementById(szDivId));
  }
  else if (document.all) {
    // this is the way old msie versions work
    res = flip(document.all[szDivId]);
  }
  if(elem) {
    if(res == 0) elem.innerHTML = msg1; else elem.innerHTML = msg2;
  }

}

function toggleAllBoxes() {
  if (document.getElementsByTagName) {
    d = document.getElementsByTagName('div');
    for (i = 0; i < d.length; i++) {
      if (d[i].className == 'log') {
        flip(d[i]);
      }
    }
  }
}

// -->
</script>

</head>
<body>
<h2 align='center'>Sample Automation Test</h2><table border='1' align="center">
<tr>
<td>Tests passed/Failed/Skipped:</td><td>20/3/0</td>
</tr><tr>
<td>Started on:</td><td>Mon Jul 29 13:03:51 IST 2019</td>
</tr>
<tr><td>Total time:</td><td>192 seconds (192228 ms)</td>
</tr><tr>
<td>Included groups:</td><td></td>
</tr><tr>
<td>Excluded groups:</td><td></td>
</tr>
</table><p/>
<small><i>(Hover the method name to see the test class name)</i></small><p/>
<table width='100%' border='1' class='invocation-failed'>
<tr><td colspan='4' align='center'><b>FAILED TESTS</b></td></tr>
<tr><td><b>Test method</b></td>
<td width="30%"><b>Exception</b></td>
<td width="10%"><b>Time (seconds)</b></td>
<td><b>Instance</b></td>
</tr>
<tr>
<td title='QA.Tests.Test6.FinalProductCheck()'><b>FinalProductCheck</b><br>Test class: QA.Tests.Test6<br>Test method: NavigationToProductATCpage</td>
<td><div><pre>org.openqa.selenium.NoSuchElementException: no such element: Unable to locate element: {&quot;method&quot;:&quot;xpath&quot;,&quot;selector&quot;:&quot;//a[@class=&apos;login&apos;]&quot;}
  (Session info: chrome=75.0.3770.142)
For documentation on this error, please visit: https://www.seleniumhq.org/exceptions/no_such_element.html
Build info: version: &apos;3.141.59&apos;, revision: &apos;e82be7d358&apos;, time: &apos;2018-11-14T08:17:03&apos;
System info: host: &apos;IPCQ16&apos;, ip: &apos;10.0.30.46&apos;, os.name: &apos;Windows 10&apos;, os.arch: &apos;amd64&apos;, os.version: &apos;10.0&apos;, java.version: &apos;1.8.0_121&apos;
Driver info: org.openqa.selenium.chrome.ChromeDriver
Capabilities {acceptInsecureCerts: false, browserName: chrome, browserVersion: 75.0.3770.142, chrome: {chromedriverVersion: 75.0.3770.90 (a6dcaf7e3ec6f..., userDataDir: C:\Users\hiteshp\AppData\Lo...}, goog:chromeOptions: {debuggerAddress: localhost:53811}, javascriptEnabled: true, networkConnectionEnabled: false, pageLoadStrategy: normal, platform: XP, platformName: XP, proxy: Proxy(), setWindowRect: true, strictFileInteractability: false, timeouts: {implicit: 0, pageLoad: 300000, script: 30000}, unhandledPromptBehavior: dismiss and notify}
Session ID: 338c99c4bd9fec9029a80f220f46718f
*** Element info: {Using=xpath, value=//a[@class=&apos;login&apos;]}
	at org.openqa.selenium.remote.http.W3CHttpResponseCodec.createException(W3CHttpResponseCodec.java:187)
	at org.openqa.selenium.remote.http.W3CHttpResponseCodec.decode(W3CHttpResponseCodec.java:122)
	at org.openqa.selenium.remote.http.W3CHttpResponseCodec.decode(W3CHttpResponseCodec.java:49)
	at org.openqa.selenium.remote.HttpCommandExecutor.execute(HttpCommandExecutor.java:158)
	at org.openqa.selenium.remote.service.DriverCommandExecutor.execute(DriverCommandExecutor.java:83)
	at org.openqa.selenium.remote.RemoteWebDriver.execute(RemoteWebDriver.java:552)
	at org.openqa.selenium.remote.RemoteWebDriver.findElement(RemoteWebDriver.java:323)
	at org.openqa.selenium.remote.RemoteWebDriver.findElementByXPath(RemoteWebDriver.java:428)
	at org.openqa.selenium.By$ByXPath.findElement(By.java:353)
	at org.openqa.selenium.remote.RemoteWebDriver.findElement(RemoteWebDriver.java:315)
	at org.openqa.selenium.support.pagefactory.DefaultElementLocator.findElement(DefaultElementLocator.java:69)
	at org.openqa.selenium.support.pagefactory.internal.LocatingElementHandler.invoke(LocatingElementHandler.java:38)
	at com.sun.proxy.$Proxy32.click(Unknown Source)
	at PageObjects.ApDefaultHomePage.clickOnSingin(ApDefaultHomePage.java:25)
	at PageObjects.Navigation.NavigationToProductATCpage(Navigation.java:26)
	at QA.Tests.Test6.FinalProductCheck(Test6.java:16)
... Removed 33 stack frames</pre></div><a href='#' onClick='toggleBox("stack-trace2079290629", this, "Click to show all stack frames", "Click to hide stack frames")'>Click to show all stack frames</a>
<div class='stack-trace' id='stack-trace2079290629'><pre>org.openqa.selenium.NoSuchElementException: no such element: Unable to locate element: {&quot;method&quot;:&quot;xpath&quot;,&quot;selector&quot;:&quot;//a[@class=&apos;login&apos;]&quot;}
  (Session info: chrome=75.0.3770.142)
For documentation on this error, please visit: https://www.seleniumhq.org/exceptions/no_such_element.html
Build info: version: &apos;3.141.59&apos;, revision: &apos;e82be7d358&apos;, time: &apos;2018-11-14T08:17:03&apos;
System info: host: &apos;IPCQ16&apos;, ip: &apos;10.0.30.46&apos;, os.name: &apos;Windows 10&apos;, os.arch: &apos;amd64&apos;, os.version: &apos;10.0&apos;, java.version: &apos;1.8.0_121&apos;
Driver info: org.openqa.selenium.chrome.ChromeDriver
Capabilities {acceptInsecureCerts: false, browserName: chrome, browserVersion: 75.0.3770.142, chrome: {chromedriverVersion: 75.0.3770.90 (a6dcaf7e3ec6f..., userDataDir: C:\Users\hiteshp\AppData\Lo...}, goog:chromeOptions: {debuggerAddress: localhost:53811}, javascriptEnabled: true, networkConnectionEnabled: false, pageLoadStrategy: normal, platform: XP, platformName: XP, proxy: Proxy(), setWindowRect: true, strictFileInteractability: false, timeouts: {implicit: 0, pageLoad: 300000, script: 30000}, unhandledPromptBehavior: dismiss and notify}
Session ID: 338c99c4bd9fec9029a80f220f46718f
*** Element info: {Using=xpath, value=//a[@class=&apos;login&apos;]}
	at sun.reflect.NativeConstructorAccessorImpl.newInstance0(Native Method)
	at sun.reflect.NativeConstructorAccessorImpl.newInstance(NativeConstructorAccessorImpl.java:62)
	at sun.reflect.DelegatingConstructorAccessorImpl.newInstance(DelegatingConstructorAccessorImpl.java:45)
	at java.lang.reflect.Constructor.newInstance(Constructor.java:423)
	at org.openqa.selenium.remote.http.W3CHttpResponseCodec.createException(W3CHttpResponseCodec.java:187)
	at org.openqa.selenium.remote.http.W3CHttpResponseCodec.decode(W3CHttpResponseCodec.java:122)
	at org.openqa.selenium.remote.http.W3CHttpResponseCodec.decode(W3CHttpResponseCodec.java:49)
	at org.openqa.selenium.remote.HttpCommandExecutor.execute(HttpCommandExecutor.java:158)
	at org.openqa.selenium.remote.service.DriverCommandExecutor.execute(DriverCommandExecutor.java:83)
	at org.openqa.selenium.remote.RemoteWebDriver.execute(RemoteWebDriver.java:552)
	at org.openqa.selenium.remote.RemoteWebDriver.findElement(RemoteWebDriver.java:323)
	at org.openqa.selenium.remote.RemoteWebDriver.findElementByXPath(RemoteWebDriver.java:428)
	at org.openqa.selenium.By$ByXPath.findElement(By.java:353)
	at org.openqa.selenium.remote.RemoteWebDriver.findElement(RemoteWebDriver.java:315)
	at org.openqa.selenium.support.pagefactory.DefaultElementLocator.findElement(DefaultElementLocator.java:69)
	at org.openqa.selenium.support.pagefactory.internal.LocatingElementHandler.invoke(LocatingElementHandler.java:38)
	at com.sun.proxy.$Proxy32.click(Unknown Source)
	at PageObjects.ApDefaultHomePage.clickOnSingin(ApDefaultHomePage.java:25)
	at PageObjects.Navigation.NavigationToProductATCpage(Navigation.java:26)
	at QA.Tests.Test6.FinalProductCheck(Test6.java:16)
	at sun.reflect.NativeMethodAccessorImpl.invoke0(Native Method)
	at sun.reflect.NativeMethodAccessorImpl.invoke(NativeMethodAccessorImpl.java:62)
	at sun.reflect.DelegatingMethodAccessorImpl.invoke(DelegatingMethodAccessorImpl.java:43)
	at java.lang.reflect.Method.invoke(Method.java:498)
	at org.testng.internal.MethodInvocationHelper.invokeMethod(MethodInvocationHelper.java:124)
	at org.testng.internal.Invoker.invokeMethod(Invoker.java:583)
	at org.testng.internal.Invoker.invokeTestMethod(Invoker.java:719)
	at org.testng.internal.Invoker.invokeTestMethods(Invoker.java:989)
	at org.testng.internal.TestMethodWorker.invokeTestMethods(TestMethodWorker.java:125)
	at org.testng.internal.TestMethodWorker.run(TestMethodWorker.java:109)
	at org.testng.TestRunner.privateRun(TestRunner.java:648)
	at org.testng.TestRunner.run(TestRunner.java:505)
	at org.testng.SuiteRunner.runTest(SuiteRunner.java:455)
	at org.testng.SuiteRunner.runSequentially(SuiteRunner.java:450)
	at org.testng.SuiteRunner.privateRun(SuiteRunner.java:415)
	at org.testng.SuiteRunner.run(SuiteRunner.java:364)
	at org.testng.SuiteRunnerWorker.runSuite(SuiteRunnerWorker.java:52)
	at org.testng.SuiteRunnerWorker.run(SuiteRunnerWorker.java:84)
	at org.testng.TestNG.runSuitesSequentially(TestNG.java:1208)
	at org.testng.TestNG.runSuitesLocally(TestNG.java:1137)
	at org.testng.TestNG.runSuites(TestNG.java:1049)
	at org.testng.TestNG.run(TestNG.java:1017)
	at org.apache.maven.surefire.testng.TestNGExecutor.run(TestNGExecutor.java:283)
	at org.apache.maven.surefire.testng.TestNGXmlTestSuite.execute(TestNGXmlTestSuite.java:75)
	at org.apache.maven.surefire.testng.TestNGProvider.invoke(TestNGProvider.java:120)
	at org.apache.maven.surefire.booter.ForkedBooter.invokeProviderInSameClassLoader(ForkedBooter.java:384)
	at org.apache.maven.surefire.booter.ForkedBooter.runSuitesInProcess(ForkedBooter.java:345)
	at org.apache.maven.surefire.booter.ForkedBooter.execute(ForkedBooter.java:126)
	at org.apache.maven.surefire.booter.ForkedBooter.main(ForkedBooter.java:418)
</pre></div></td>
<td>22</td>
<td>QA.Tests.Test6@5017e1</td></tr>
<tr>
<td title='QA.Tests.Test3.GoogleNews_TitleVerify()'><b>GoogleNews_TitleVerify</b><br>Test class: QA.Tests.Test3<br>Test method: Google NEWS Title Verify</td>
<td><div><pre>java.lang.AssertionError: expected [true] but found [false]
	at QA.Tests.Test3.GoogleNews_TitleVerify(Test3.java:76)
... Removed 33 stack frames</pre></div><a href='#' onClick='toggleBox("stack-trace277549599", this, "Click to show all stack frames", "Click to hide stack frames")'>Click to show all stack frames</a>
<div class='stack-trace' id='stack-trace277549599'><pre>java.lang.AssertionError: expected [true] but found [false]
	at org.testng.Assert.fail(Assert.java:96)
	at org.testng.Assert.failNotEquals(Assert.java:776)
	at org.testng.Assert.assertTrue(Assert.java:44)
	at org.testng.Assert.assertTrue(Assert.java:54)
	at QA.Tests.Test3.GoogleNews_TitleVerify(Test3.java:76)
	at sun.reflect.NativeMethodAccessorImpl.invoke0(Native Method)
	at sun.reflect.NativeMethodAccessorImpl.invoke(NativeMethodAccessorImpl.java:62)
	at sun.reflect.DelegatingMethodAccessorImpl.invoke(DelegatingMethodAccessorImpl.java:43)
	at java.lang.reflect.Method.invoke(Method.java:498)
	at org.testng.internal.MethodInvocationHelper.invokeMethod(MethodInvocationHelper.java:124)
	at org.testng.internal.Invoker.invokeMethod(Invoker.java:583)
	at org.testng.internal.Invoker.invokeTestMethod(Invoker.java:719)
	at org.testng.internal.Invoker.invokeTestMethods(Invoker.java:989)
	at org.testng.internal.TestMethodWorker.invokeTestMethods(TestMethodWorker.java:125)
	at org.testng.internal.TestMethodWorker.run(TestMethodWorker.java:109)
	at org.testng.TestRunner.privateRun(TestRunner.java:648)
	at org.testng.TestRunner.run(TestRunner.java:505)
	at org.testng.SuiteRunner.runTest(SuiteRunner.java:455)
	at org.testng.SuiteRunner.runSequentially(SuiteRunner.java:450)
	at org.testng.SuiteRunner.privateRun(SuiteRunner.java:415)
	at org.testng.SuiteRunner.run(SuiteRunner.java:364)
	at org.testng.SuiteRunnerWorker.runSuite(SuiteRunnerWorker.java:52)
	at org.testng.SuiteRunnerWorker.run(SuiteRunnerWorker.java:84)
	at org.testng.TestNG.runSuitesSequentially(TestNG.java:1208)
	at org.testng.TestNG.runSuitesLocally(TestNG.java:1137)
	at org.testng.TestNG.runSuites(TestNG.java:1049)
	at org.testng.TestNG.run(TestNG.java:1017)
	at org.apache.maven.surefire.testng.TestNGExecutor.run(TestNGExecutor.java:283)
	at org.apache.maven.surefire.testng.TestNGXmlTestSuite.execute(TestNGXmlTestSuite.java:75)
	at org.apache.maven.surefire.testng.TestNGProvider.invoke(TestNGProvider.java:120)
	at org.apache.maven.surefire.booter.ForkedBooter.invokeProviderInSameClassLoader(ForkedBooter.java:384)
	at org.apache.maven.surefire.booter.ForkedBooter.runSuitesInProcess(ForkedBooter.java:345)
	at org.apache.maven.surefire.booter.ForkedBooter.execute(ForkedBooter.java:126)
	at org.apache.maven.surefire.booter.ForkedBooter.main(ForkedBooter.java:418)
</pre></div></td>
<td>8</td>
<td>QA.Tests.Test3@3d7b1f1c</td></tr>
<tr>
<td title='QA.Tests.Test2.PATINET_DEMO_UPDATE()'><b>PATINET_DEMO_UPDATE</b><br>Test class: QA.Tests.Test2<br>Test method: PATIENT DEMOGRAPHIC UPDATE</td>
<td><div><pre>java.lang.AssertionError: expected [true] but found [false]
	at QA.Tests.Test2.PATINET_DEMO_UPDATE(Test2.java:42)
... Removed 33 stack frames</pre></div><a href='#' onClick='toggleBox("stack-trace603327357", this, "Click to show all stack frames", "Click to hide stack frames")'>Click to show all stack frames</a>
<div class='stack-trace' id='stack-trace603327357'><pre>java.lang.AssertionError: expected [true] but found [false]
	at org.testng.Assert.fail(Assert.java:96)
	at org.testng.Assert.failNotEquals(Assert.java:776)
	at org.testng.Assert.assertTrue(Assert.java:44)
	at org.testng.Assert.assertTrue(Assert.java:54)
	at QA.Tests.Test2.PATINET_DEMO_UPDATE(Test2.java:42)
	at sun.reflect.NativeMethodAccessorImpl.invoke0(Native Method)
	at sun.reflect.NativeMethodAccessorImpl.invoke(NativeMethodAccessorImpl.java:62)
	at sun.reflect.DelegatingMethodAccessorImpl.invoke(DelegatingMethodAccessorImpl.java:43)
	at java.lang.reflect.Method.invoke(Method.java:498)
	at org.testng.internal.MethodInvocationHelper.invokeMethod(MethodInvocationHelper.java:124)
	at org.testng.internal.Invoker.invokeMethod(Invoker.java:583)
	at org.testng.internal.Invoker.invokeTestMethod(Invoker.java:719)
	at org.testng.internal.Invoker.invokeTestMethods(Invoker.java:989)
	at org.testng.internal.TestMethodWorker.invokeTestMethods(TestMethodWorker.java:125)
	at org.testng.internal.TestMethodWorker.run(TestMethodWorker.java:109)
	at org.testng.TestRunner.privateRun(TestRunner.java:648)
	at org.testng.TestRunner.run(TestRunner.java:505)
	at org.testng.SuiteRunner.runTest(SuiteRunner.java:455)
	at org.testng.SuiteRunner.runSequentially(SuiteRunner.java:450)
	at org.testng.SuiteRunner.privateRun(SuiteRunner.java:415)
	at org.testng.SuiteRunner.run(SuiteRunner.java:364)
	at org.testng.SuiteRunnerWorker.runSuite(SuiteRunnerWorker.java:52)
	at org.testng.SuiteRunnerWorker.run(SuiteRunnerWorker.java:84)
	at org.testng.TestNG.runSuitesSequentially(TestNG.java:1208)
	at org.testng.TestNG.runSuitesLocally(TestNG.java:1137)
	at org.testng.TestNG.runSuites(TestNG.java:1049)
	at org.testng.TestNG.run(TestNG.java:1017)
	at org.apache.maven.surefire.testng.TestNGExecutor.run(TestNGExecutor.java:283)
	at org.apache.maven.surefire.testng.TestNGXmlTestSuite.execute(TestNGXmlTestSuite.java:75)
	at org.apache.maven.surefire.testng.TestNGProvider.invoke(TestNGProvider.java:120)
	at org.apache.maven.surefire.booter.ForkedBooter.invokeProviderInSameClassLoader(ForkedBooter.java:384)
	at org.apache.maven.surefire.booter.ForkedBooter.runSuitesInProcess(ForkedBooter.java:345)
	at org.apache.maven.surefire.booter.ForkedBooter.execute(ForkedBooter.java:126)
	at org.apache.maven.surefire.booter.ForkedBooter.main(ForkedBooter.java:418)
</pre></div></td>
<td>2</td>
<td>QA.Tests.Test2@5918c260</td></tr>
</table><p>
<table width='100%' border='1' class='invocation-passed'>
<tr><td colspan='4' align='center'><b>PASSED TESTS</b></td></tr>
<tr><td><b>Test method</b></td>
<td width="30%"><b>Exception</b></td>
<td width="10%"><b>Time (seconds)</b></td>
<td><b>Instance</b></td>
</tr>
<tr>
<td title='QA.Tests.Test8.AddCustomer()'><b>AddCustomer</b><br>Test class: QA.Tests.Test8<br>Test method: AddCustomer</td>
<td></td>
<td>16</td>
<td>QA.Tests.Test8@4726927c</td></tr>
<tr>
<td title='QA.Tests.Test8.AddCustomer()'><b>AddCustomer</b><br>Test class: QA.Tests.Test8<br>Test method: AddCustomer</td>
<td></td>
<td>16</td>
<td>QA.Tests.Test8@4726927c</td></tr>
<tr>
<td title='QA.Tests.Test3.CLICK_ON_3rdRESULT()'><b>CLICK_ON_3rdRESULT</b><br>Test class: QA.Tests.Test3<br>Test method: Click on 3rd Result of Search</td>
<td></td>
<td>46</td>
<td>QA.Tests.Test3@3d7b1f1c</td></tr>
<tr>
<td title='QA.Tests.Test1.CLICK_ON_PRODUCT()'><b>CLICK_ON_PRODUCT</b><br>Test class: QA.Tests.Test1<br>Test method: CLICK ON PRODUCT TEST</td>
<td></td>
<td>2</td>
<td>QA.Tests.Test1@77e7246b</td></tr>
<tr>
<td title='QA.Tests.Test1.CLICK_ON_WOMAN_TAB()'><b>CLICK_ON_WOMAN_TAB</b><br>Test class: QA.Tests.Test1<br>Test method: CLICK ON WOMAN TAB</td>
<td></td>
<td>3</td>
<td>QA.Tests.Test1@77e7246b</td></tr>
<tr>
<td title='QA.Tests.Test1.CLICK_ON_WOMAN_TAB_TOPS()'><b>CLICK_ON_WOMAN_TAB_TOPS</b><br>Test class: QA.Tests.Test1<br>Test method: NAVIGATE TO TOPS</td>
<td></td>
<td>1</td>
<td>QA.Tests.Test1@77e7246b</td></tr>
<tr>
<td title='QA.Tests.Test1.CLICK_ON_WOMAN_TSHIRTS()'><b>CLICK_ON_WOMAN_TSHIRTS</b><br>Test class: QA.Tests.Test1<br>Test method: CLICK ON TSHIRTS</td>
<td></td>
<td>1</td>
<td>QA.Tests.Test1@77e7246b</td></tr>
<tr>
<td title='QA.Tests.Test1.ENTER_UNAME_PWRD_LOGIN()'><b>ENTER_UNAME_PWRD_LOGIN</b><br>Test class: QA.Tests.Test1<br>Test method: LOGIN</td>
<td></td>
<td>2</td>
<td>QA.Tests.Test1@77e7246b</td></tr>
<tr>
<td title='QA.Tests.Test7.G99login()'><b>G99login</b><br>Test class: QA.Tests.Test7<br>Test method: G99LoginPage</td>
<td></td>
<td>8</td>
<td>QA.Tests.Test7@65b66b08</td></tr>
<tr>
<td title='QA.Tests.Test3.NAVIGATE_TO_GOOGLE()'><b>NAVIGATE_TO_GOOGLE</b><br>Test class: QA.Tests.Test3<br>Test method: Google Search</td>
<td></td>
<td>2</td>
<td>QA.Tests.Test3@3d7b1f1c</td></tr>
<tr>
<td title='QA.Tests.Test1.NAVIGATE_TO_URL_CLICK_SIGN()'><b>NAVIGATE_TO_URL_CLICK_SIGN</b><br>Test class: QA.Tests.Test1<br>Test method: Navigate to URL</td>
<td></td>
<td>8</td>
<td>QA.Tests.Test1@77e7246b</td></tr>
<tr>
<td title='QA.Tests.Test2.PATINET_DEMO_CREATION()'><b>PATINET_DEMO_CREATION</b><br>Test class: QA.Tests.Test2<br>Test method: PATIENT DEMOGRAPHIC</td>
<td></td>
<td>0</td>
<td>QA.Tests.Test2@5918c260</td></tr>
<tr>
<td title='QA.Tests.Test1.PRODUCT_ADD_TO_CART()'><b>PRODUCT_ADD_TO_CART</b><br>Test class: QA.Tests.Test1<br>Test method: ADD TO CART</td>
<td></td>
<td>10</td>
<td>QA.Tests.Test1@77e7246b</td></tr>
<tr>
<td title='QA.Tests.Test3.RESULT_TITLE_VERIFY()'><b>RESULT_TITLE_VERIFY</b><br>Test class: QA.Tests.Test3<br>Test method: 3rd RESULT TITLE VERIFY</td>
<td></td>
<td>0</td>
<td>QA.Tests.Test3@3d7b1f1c</td></tr>
<tr>
<td title='QA.Tests.Test4.SFDCLogincheck()'><b>SFDCLogincheck</b><br>Test class: QA.Tests.Test4<br>Test method: SFDC INVALID ID/PASS LOGIN CHECK<br>Parameters: HP_TEST_1, Gtl@123</td>
<td></td>
<td>8</td>
<td>QA.Tests.Test4@51ce6f85</td></tr>
<tr>
<td title='QA.Tests.Test4.SFDCLogincheck()'><b>SFDCLogincheck</b><br>Test class: QA.Tests.Test4<br>Test method: SFDC INVALID ID/PASS LOGIN CHECK<br>Parameters: HP_TEST_2, Gtl@123</td>
<td></td>
<td>2</td>
<td>QA.Tests.Test4@51ce6f85</td></tr>
<tr>
<td title='QA.Tests.Test4.SFDCLogincheck()'><b>SFDCLogincheck</b><br>Test class: QA.Tests.Test4<br>Test method: SFDC INVALID ID/PASS LOGIN CHECK<br>Parameters: HP_TEST_3, Gtl@123</td>
<td></td>
<td>2</td>
<td>QA.Tests.Test4@51ce6f85</td></tr>
<tr>
<td title='QA.Tests.Test4.SFDCLogincheck()'><b>SFDCLogincheck</b><br>Test class: QA.Tests.Test4<br>Test method: SFDC INVALID ID/PASS LOGIN CHECK<br>Parameters: HP_TEST_4, Gtl@123</td>
<td></td>
<td>2</td>
<td>QA.Tests.Test4@51ce6f85</td></tr>
<tr>
<td title='QA.Tests.Test4.SFDCLogincheck()'><b>SFDCLogincheck</b><br>Test class: QA.Tests.Test4<br>Test method: SFDC INVALID ID/PASS LOGIN CHECK<br>Parameters: HP_TEST_5, Gtl@123</td>
<td></td>
<td>2</td>
<td>QA.Tests.Test4@51ce6f85</td></tr>
<tr>
<td title='QA.Tests.Test5.SFDCLogincheck()'><b>SFDCLogincheck</b><br>Test class: QA.Tests.Test5<br>Test method: SFDC LOGIN CHECK with DP<br>Parameters: HP_TEST_5, Gtl@123</td>
<td></td>
<td>2</td>
<td>QA.Tests.Test5@1f44ddab</td></tr>
</table><p>
</body>
</html>