<?xml version="1.0" encoding="UTF-8"?>
<!-- Generated by org.testng.reporters.JUnitReportReporter -->
<testsuite skipped="3" hostname="IPCQ16" name="QA.Tests.EHRLoginTest2" tests="4" failures="0" timestamp="26 Sep 2019 11:44:01 GMT" time="2.421" errors="1">
  <testcase name="BeforeclassTest2" time="2.421" classname="QA.Tests.EHRLoginTest2">
    <error type="org.openqa.selenium.SessionNotCreatedException" message="session not created: This version of ChromeDriver only supports Chrome version 75
Build info: version: &#039;3.141.59&#039;, revision: &#039;e82be7d358&#039;, time: &#039;2018-11-14T08:17:03&#039;
System info: host: &#039;IPCQ16&#039;, ip: &#039;10.0.30.46&#039;, os.name: &#039;Windows 10&#039;, os.arch: &#039;amd64&#039;, os.version: &#039;10.0&#039;, java.version: &#039;1.8.0_221&#039;
Driver info: driver.version: ChromeDriver
remote stacktrace: Backtrace:
	Ordinal0 [0x00F21B23+1448739]
	Ordinal0 [0x00EA5A11+940561]
	Ordinal0 [0x00E32293+467603]
	Ordinal0 [0x00DCF27E+62078]
	Ordinal0 [0x00DCBBBD+48061]
	Ordinal0 [0x00DE8D19+167193]
	Ordinal0 [0x00DE88ED+166125]
	Ordinal0 [0x00DE6FFB+159739]
	Ordinal0 [0x00DD09F6+68086]
	Ordinal0 [0x00DD1990+72080]
	Ordinal0 [0x00DD1929+71977]
	GetHandleVerifier [0x01062E4C+1172140]
	GetHandleVerifier [0x00FBFE35+504469]
	GetHandleVerifier [0x00FBFBD0+503856]
	Ordinal0 [0x00F2C9A8+1493416]
	GetHandleVerifier [0x00FC060A+506474]
	Ordinal0 [0x00EB7136+1012022]
	Ordinal0 [0x00EB6FAF+1011631]
	Ordinal0 [0x00EC133B+1053499]
	Ordinal0 [0x00EC14A3+1053859]
	Ordinal0 [0x00EC04D5+1049813]
	BaseThreadInitThunk [0x75220419+25]
	RtlGetAppContainerNamedObjectPath [0x7763662D+237]
	RtlGetAppContainerNamedObjectPath [0x776365FD+189]
">
      <![CDATA[org.openqa.selenium.SessionNotCreatedException: session not created: This version of ChromeDriver only supports Chrome version 75
Build info: version: '3.141.59', revision: 'e82be7d358', time: '2018-11-14T08:17:03'
System info: host: 'IPCQ16', ip: '10.0.30.46', os.name: 'Windows 10', os.arch: 'amd64', os.version: '10.0', java.version: '1.8.0_221'
Driver info: driver.version: ChromeDriver
remote stacktrace: Backtrace:
	Ordinal0 [0x00F21B23+1448739]
	Ordinal0 [0x00EA5A11+940561]
	Ordinal0 [0x00E32293+467603]
	Ordinal0 [0x00DCF27E+62078]
	Ordinal0 [0x00DCBBBD+48061]
	Ordinal0 [0x00DE8D19+167193]
	Ordinal0 [0x00DE88ED+166125]
	Ordinal0 [0x00DE6FFB+159739]
	Ordinal0 [0x00DD09F6+68086]
	Ordinal0 [0x00DD1990+72080]
	Ordinal0 [0x00DD1929+71977]
	GetHandleVerifier [0x01062E4C+1172140]
	GetHandleVerifier [0x00FBFE35+504469]
	GetHandleVerifier [0x00FBFBD0+503856]
	Ordinal0 [0x00F2C9A8+1493416]
	GetHandleVerifier [0x00FC060A+506474]
	Ordinal0 [0x00EB7136+1012022]
	Ordinal0 [0x00EB6FAF+1011631]
	Ordinal0 [0x00EC133B+1053499]
	Ordinal0 [0x00EC14A3+1053859]
	Ordinal0 [0x00EC04D5+1049813]
	BaseThreadInitThunk [0x75220419+25]
	RtlGetAppContainerNamedObjectPath [0x7763662D+237]
	RtlGetAppContainerNamedObjectPath [0x776365FD+189]

	at sun.reflect.NativeConstructorAccessorImpl.newInstance0(Native Method)
	at sun.reflect.NativeConstructorAccessorImpl.newInstance(Unknown Source)
	at sun.reflect.DelegatingConstructorAccessorImpl.newInstance(Unknown Source)
	at java.lang.reflect.Constructor.newInstance(Unknown Source)
	at org.openqa.selenium.remote.W3CHandshakeResponse.lambda$errorHandler$0(W3CHandshakeResponse.java:62)
	at org.openqa.selenium.remote.HandshakeResponse.lambda$getResponseFunction$0(HandshakeResponse.java:30)
	at org.openqa.selenium.remote.ProtocolHandshake.lambda$createSession$0(ProtocolHandshake.java:126)
	at java.util.stream.ReferencePipeline$3$1.accept(Unknown Source)
	at java.util.Spliterators$ArraySpliterator.tryAdvance(Unknown Source)
	at java.util.stream.ReferencePipeline.forEachWithCancel(Unknown Source)
	at java.util.stream.AbstractPipeline.copyIntoWithCancel(Unknown Source)
	at java.util.stream.AbstractPipeline.copyInto(Unknown Source)
	at java.util.stream.AbstractPipeline.wrapAndCopyInto(Unknown Source)
	at java.util.stream.FindOps$FindOp.evaluateSequential(Unknown Source)
	at java.util.stream.AbstractPipeline.evaluate(Unknown Source)
	at java.util.stream.ReferencePipeline.findFirst(Unknown Source)
	at org.openqa.selenium.remote.ProtocolHandshake.createSession(ProtocolHandshake.java:128)
	at org.openqa.selenium.remote.ProtocolHandshake.createSession(ProtocolHandshake.java:74)
	at org.openqa.selenium.remote.HttpCommandExecutor.execute(HttpCommandExecutor.java:136)
	at org.openqa.selenium.remote.service.DriverCommandExecutor.execute(DriverCommandExecutor.java:83)
	at org.openqa.selenium.remote.RemoteWebDriver.execute(RemoteWebDriver.java:552)
	at org.openqa.selenium.remote.RemoteWebDriver.startSession(RemoteWebDriver.java:213)
	at org.openqa.selenium.remote.RemoteWebDriver.<init>(RemoteWebDriver.java:131)
	at org.openqa.selenium.chrome.ChromeDriver.<init>(ChromeDriver.java:181)
	at org.openqa.selenium.chrome.ChromeDriver.<init>(ChromeDriver.java:168)
	at org.openqa.selenium.chrome.ChromeDriver.<init>(ChromeDriver.java:123)
	at QA.Tests.TestBase.Chromeinitialize(TestBase.java:101)
	at QA.Tests.EHRLoginTest2.BeforeclassTest2(EHRLoginTest2.java:34)
	at sun.reflect.NativeMethodAccessorImpl.invoke0(Native Method)
	at sun.reflect.NativeMethodAccessorImpl.invoke(Unknown Source)
	at sun.reflect.DelegatingMethodAccessorImpl.invoke(Unknown Source)
	at java.lang.reflect.Method.invoke(Unknown Source)
	at org.testng.internal.MethodInvocationHelper.invokeMethod(MethodInvocationHelper.java:108)
	at org.testng.internal.Invoker.invokeConfigurationMethod(Invoker.java:523)
	at org.testng.internal.Invoker.invokeConfigurations(Invoker.java:224)
	at org.testng.internal.Invoker.invokeConfigurations(Invoker.java:146)
	at org.testng.internal.TestMethodWorker.invokeBeforeClassMethods(TestMethodWorker.java:166)
	at org.testng.internal.TestMethodWorker.run(TestMethodWorker.java:105)
	at org.testng.TestRunner.privateRun(TestRunner.java:744)
	at org.testng.TestRunner.run(TestRunner.java:602)
	at org.testng.SuiteRunner.runTest(SuiteRunner.java:380)
	at org.testng.SuiteRunner.runSequentially(SuiteRunner.java:375)
	at org.testng.SuiteRunner.privateRun(SuiteRunner.java:340)
	at org.testng.SuiteRunner.run(SuiteRunner.java:289)
	at org.testng.SuiteRunnerWorker.runSuite(SuiteRunnerWorker.java:52)
	at org.testng.SuiteRunnerWorker.run(SuiteRunnerWorker.java:86)
	at org.testng.TestNG.runSuitesSequentially(TestNG.java:1301)
	at org.testng.TestNG.runSuitesLocally(TestNG.java:1226)
	at org.testng.TestNG.runSuites(TestNG.java:1144)
	at org.testng.TestNG.run(TestNG.java:1115)
	at org.testng.remote.AbstractRemoteTestNG.run(AbstractRemoteTestNG.java:132)
	at org.testng.remote.RemoteTestNG.initAndRun(RemoteTestNG.java:230)
	at org.testng.remote.RemoteTestNG.main(RemoteTestNG.java:76)
]]>
    </error>
  </testcase> <!-- BeforeclassTest2 -->
  <testcase name="EHRLoginTest21" time="0.000" classname="QA.Tests.EHRLoginTest2">
    <skipped/>
  </testcase> <!-- EHRLoginTest21 -->
  <testcase name="EHRLoginTest22" time="0.000" classname="QA.Tests.EHRLoginTest2">
    <skipped/>
  </testcase> <!-- EHRLoginTest22 -->
  <testcase name="EHRLoginTest23" time="0.000" classname="QA.Tests.EHRLoginTest2">
    <skipped/>
  </testcase> <!-- EHRLoginTest23 -->
</testsuite> <!-- QA.Tests.EHRLoginTest2 -->
